Log file open, 10/17/16 20:44:37
LogInit:Display: Running engine for game: UnrealMenu
LogPlatformFile: Not using cached read wrapper
LogInit:Display: RandInit(-2070126215) SRandInit(-2070126214).
LogTaskGraph: Started task graph with 4 named threads and 7 total threads with 1 sets of task threads.
LogStats: Stats thread started at 0.082132
LogInit: Version: 4.12.5-3039270+++UE4+Release-4.12
LogInit: API Version: 2992821
LogInit: Net Version: 3039270
LogDevObjectVersion: Number of dev versions registered: 13
LogDevObjectVersion:   Dev-Blueprints (B0D832E4-1F89-4F0D-ACCF-7EB736FD4AA2): 3
LogDevObjectVersion:   Dev-Build (E1C64328-A22C-4D53-A36C-8E866417BD8C): 0
LogDevObjectVersion:   Dev-Core (375EC13C-06E4-48FB-B500-84F0262A717E): 1
LogDevObjectVersion:   Dev-Editor (E4B068ED-F494-42E9-A231-DA0B2E46BB41): 2
LogDevObjectVersion:   Dev-Framework (CFFC743F-43B0-4480-9391-14DF171D2073): 6
LogDevObjectVersion:   Dev-Mobile (B02B49B5-BB20-44E9-A304-32B752E40360): 0
LogDevObjectVersion:   Dev-Networking (A4E4105C-59A1-49B5-A7C5-40C4547EDFEE): 0
LogDevObjectVersion:   Dev-Online (39C831C9-5AE6-47DC-9A44-9C173E1C8E7C): 0
LogDevObjectVersion:   Dev-Physics (78F01B33-EBEA-4F98-B9B4-84EACCB95AA2): 0
LogDevObjectVersion:   Dev-Platform (6631380F-2D4D-43E0-8009-CF276956A95A): 0
LogDevObjectVersion:   Dev-Rendering (12F88B9F-8875-4AFC-A67C-D90C383ABD29): 2
LogDevObjectVersion:   Dev-Sequencer (7B5AE74C-D270-4C10-A958-57980B212A5A): 0
LogDevObjectVersion:   Dev-VR (D7296918-1DD6-4BDD-9DE2-64A83CC13884): 0
LogInit: Compiled (64-bit): Jul  6 2016 09:09:46
LogInit: Compiled with Visual C++: 19.00.23026.00
LogInit: Build Configuration: Development
LogInit: Branch Name: ++UE4+Release-4.12
LogInit: Command line: -EpicPortal 
LogInit: Base directory: C:/Program Files (x86)/Epic Games/4.12/Engine/Binaries/Win64/
LogInit: Installed Engine Build: 1
LogInit: Using libcurl 7.41.0
LogInit:  - built for x86_64-pc-win32
LogInit:  - supports SSL with WinSSL
LogInit:  - other features:
LogInit:      CURL_VERSION_SSL
LogInit:      CURL_VERSION_IPV6
LogInit:      CURL_VERSION_ASYNCHDNS
LogInit:      CURL_VERSION_LARGEFILE
LogInit:      CURL_VERSION_IDN
LogInit:  CurlRequestOptions (configurable via config and command line):
LogInit:  - bVerifyPeer = true  - Libcurl will verify peer certificate
LogInit:  - bUseHttpProxy = false  - Libcurl will NOT use HTTP proxy
LogInit:  - bDontReuseConnections = false  - Libcurl will reuse connections
LogInit:  - CertBundlePath = nullptr  - Libcurl will use whatever was configured at build time.
LogInit: Presizing for max 8388607 objects, including 0 objects not considered by GC, pre-allocating 0 bytes for permanent pool.
LogInit: Object subsystem initialized
[2016.10.18-01.44.37:911][  0]LogInit: Selected Device Profile: [Windows]
[2016.10.18-01.44.37:911][  0]LogInit: Applying CVar settings loaded from the selected device profile: [Windows]
[2016.10.18-01.44.37:929][  0]LogInit: Computer: WS-GERARDO
[2016.10.18-01.44.37:929][  0]LogInit: User: gerardo
[2016.10.18-01.44.37:929][  0]LogInit: CPU Page size=65536, Cores=4
[2016.10.18-01.44.37:929][  0]LogInit: High frequency timer resolution =3.507578 MHz
[2016.10.18-01.44.37:929][  0]LogMemory: Memory total: Physical=15.9GB (16GB approx)
[2016.10.18-01.44.37:929][  0]LogMemory: Platform Memory Stats for Windows
[2016.10.18-01.44.37:929][  0]LogMemory: Process Physical Memory: 191.62 MB used, 191.62 MB peak
[2016.10.18-01.44.37:929][  0]LogMemory: Process Virtual Memory: 197.09 MB used, 197.09 MB peak
[2016.10.18-01.44.37:929][  0]LogMemory: Physical Memory: 11483.32 MB used, 16326.10 MB total
[2016.10.18-01.44.37:929][  0]LogMemory: Virtual Memory: 523.14 MB used, 8388608.00 MB total
[2016.10.18-01.44.40:164][  0]LogD3D11RHI: D3D11 adapters:
[2016.10.18-01.44.40:813][  0]LogD3D11RHI:    0. 'NVIDIA GeForce GTX 745' (Feature Level 11_0)
[2016.10.18-01.44.40:813][  0]LogD3D11RHI:       4035/0/7907 MB DedicatedVideo/DedicatedSystem/SharedSystem, Outputs:2, VendorId:0x10de
[2016.10.18-01.44.40:813][  0]LogD3D11RHI: Chosen D3D11 Adapter: 0
[2016.10.18-01.44.40:819][  0]LogD3D11RHI: Creating new Direct3DDevice
[2016.10.18-01.44.40:819][  0]LogD3D11RHI:     GPU DeviceId: 0x1382 (for the marketing name, search the web for "GPU Device Id")
[2016.10.18-01.44.40:819][  0]LogWindows: EnumDisplayDevices:
[2016.10.18-01.44.40:819][  0]LogWindows:    0. 'NVIDIA GeForce GTX 745' (P:1 D:1)
[2016.10.18-01.44.40:819][  0]LogWindows:    1. 'NVIDIA GeForce GTX 745' (P:0 D:1)
[2016.10.18-01.44.40:819][  0]LogWindows:    2. 'NVIDIA GeForce GTX 745' (P:0 D:0)
[2016.10.18-01.44.40:819][  0]LogWindows:    3. 'RDPDD Chained DD' (P:0 D:0)
[2016.10.18-01.44.40:819][  0]LogWindows:    4. 'RDP Encoder Mirror Driver' (P:0 D:0)
[2016.10.18-01.44.40:819][  0]LogWindows:    5. 'RDP Reflector Display Driver' (P:0 D:0)
[2016.10.18-01.44.40:819][  0]LogWindows: DebugString: GetVideoDriverDetailsInvalid PrimaryIsNotTheChoosenAdapter GetVideoDriverDetailsInvalid PrimaryIsNotTheChoosenAdapter GetVideoDriverDetailsInvalid PrimaryIsNotTheChoosenAdapter FoundDriverCount:3 
[2016.10.18-01.44.40:819][  0]LogD3D11RHI:     Adapter Name: NVIDIA GeForce GTX 745
[2016.10.18-01.44.40:819][  0]LogD3D11RHI:   Driver Version: 368.22 (internal:10.18.13.6822, unified:368.22)
[2016.10.18-01.44.40:819][  0]LogD3D11RHI:      Driver Date: 5-19-2016
[2016.10.18-01.44.40:819][  0]LogRHI: Texture pool is 1361 MB (70% of 1945 MB)
[2016.10.18-01.44.40:828][  0]LogD3D11RHI: Async texture creation enabled
[2016.10.18-01.44.40:842][  0]LogD3D11RHI: GPU Timing Frequency: 1000.000000 (Debug: 2 2)
[2016.10.18-01.44.40:842][  0]LogShaderCompilers: Guid format shader working directory is -22 characters bigger than the processId version (../../../../../../Users/gerardo/Documents/GitHub/UnrealMenu/UnrealMenu/Intermediate/Shaders/WorkingDirectory/3428/).
[2016.10.18-01.44.40:842][  0]LogShaderCompilers: Cleaned the shader compiler working directory 'C:/Users/gerardo/AppData/Local/Temp/UnrealShaderWorkingDir/9EA85BB742541A05EF21C19CC6C96426/'.
[2016.10.18-01.44.40:842][  0]LogShaderCompilers:Display: Using Local Shader Compiler.
[2016.10.18-01.44.44:024][  0]LogTemp:Display: Loaded TP AllDesktopTargetPlatform
[2016.10.18-01.44.44:031][  0]LogTemp:Display: Loaded TP WindowsClientTargetPlatform
[2016.10.18-01.44.44:038][  0]LogTemp:Display: Loaded TP WindowsNoEditorTargetPlatform
[2016.10.18-01.44.44:045][  0]LogTemp:Display: Loaded TP WindowsServerTargetPlatform
[2016.10.18-01.44.44:053][  0]LogTemp:Display: Loaded TP WindowsTargetPlatform
[2016.10.18-01.44.44:062][  0]LogTemp:Display: Loaded TP AndroidTargetPlatform
[2016.10.18-01.44.44:069][  0]LogTemp:Display: Loaded TP Android_ASTCTargetPlatform
[2016.10.18-01.44.44:076][  0]LogTemp:Display: Loaded TP Android_ATCTargetPlatform
[2016.10.18-01.44.44:082][  0]LogTemp:Display: Loaded TP Android_DXTTargetPlatform
[2016.10.18-01.44.44:089][  0]LogTemp:Display: Loaded TP Android_ETC1TargetPlatform
[2016.10.18-01.44.44:096][  0]LogTemp:Display: Loaded TP Android_ETC2TargetPlatform
[2016.10.18-01.44.44:110][  0]LogTemp:Display: Loaded TP Android_MultiTargetPlatform
[2016.10.18-01.44.44:110][  0]LogTemp:Display: Loaded TP Android_PVRTCTargetPlatform
[2016.10.18-01.44.44:111][  0]LogTemp:Display: Loaded TP HTML5TargetPlatform
[2016.10.18-01.44.44:187][  0]LogTemp:Display: Loaded TP IOSTargetPlatform
[2016.10.18-01.44.44:194][  0]LogTemp:Display: Loaded TP TVOSTargetPlatform
[2016.10.18-01.44.44:200][  0]LogTemp:Display: Loaded TP LinuxNoEditorTargetPlatform
[2016.10.18-01.44.44:207][  0]LogTemp:Display: Loaded TP LinuxServerTargetPlatform
[2016.10.18-01.44.44:217][  0]LogTemp:Display: Loaded TP LinuxTargetPlatform
[2016.10.18-01.44.44:217][  0]LogTargetPlatformManager:Display: Building Assets For Windows
[2016.10.18-01.44.44:572][  0]LogDerivedDataCache:Display: Max Cache Size: 512 MB
[2016.10.18-01.44.44:898][  0]LogDerivedDataCache: Loaded boot cache 0.33s 48MB C:/Users/gerardo/AppData/Local/UnrealEngine/4.12/DerivedDataCache/Boot.ddc.
[2016.10.18-01.44.44:898][  0]LogDerivedDataCache:Display: Loaded Boot cache: C:/Users/gerardo/AppData/Local/UnrealEngine/4.12/DerivedDataCache/Boot.ddc
[2016.10.18-01.44.44:898][  0]LogDerivedDataCache: FDerivedDataBackendGraph:  Pak pak cache file ../../../../../../Users/gerardo/Documents/GitHub/UnrealMenu/UnrealMenu/DerivedDataCache/DDC.ddp not found, will not use a pak cache.
[2016.10.18-01.44.44:898][  0]LogDerivedDataCache: Unable to find inner node Pak for hierarchical cache Hierarchy.
[2016.10.18-01.44.44:898][  0]LogDerivedDataCache: FDerivedDataBackendGraph:  CompressedPak pak cache file ../../../../../../Users/gerardo/Documents/GitHub/UnrealMenu/UnrealMenu/DerivedDataCache/Compressed.ddp not found, will not use a pak cache.
[2016.10.18-01.44.44:898][  0]LogDerivedDataCache: Unable to find inner node CompressedPak for hierarchical cache Hierarchy.
[2016.10.18-01.44.44:917][  0]LogDerivedDataCache:Display: Pak cache opened for reading ../../../Engine/DerivedDataCache/Compressed.ddp.
[2016.10.18-01.44.44:928][  0]LogDerivedDataCache: Using Local data cache path C:/Users/gerardo/AppData/Local/UnrealEngine/Common/DerivedDataCache: Writable
[2016.10.18-01.44.46:902][  0]LogInit: Selected Device Profile: [Windows]
[2016.10.18-01.44.46:903][  0]LogContentStreaming: Texture pool size is 0.00 MB
[2016.10.18-01.44.47:104][  0]LogMeshUtilities: No automatic mesh reduction module available
[2016.10.18-01.44.47:104][  0]LogMeshUtilities: No automatic mesh merging module available
[2016.10.18-01.44.47:104][  0]LogMeshUtilities: No distributed automatic mesh merging module available
[2016.10.18-01.44.47:539][  0]LogAssetRegistry: FAssetRegistry took 0.0195 seconds to start up
[2016.10.18-01.44.47:551][  0]LogPackageLocalizationCache: Processed 3 localized package path(s) for 1 prioritized culture(s) in 0.010140 seconds
[2016.10.18-01.44.47:554][  0]LogUObjectArray: 28739 objects as part of root set at end of initial load.
[2016.10.18-01.44.47:554][  0]LogUObjectAllocator: 5855632 out of 0 bytes used by permanent object pool.
[2016.10.18-01.44.47:554][  0]LogUObjectArray: CloseDisregardForGC: 0/0 objects in disregard for GC pool
[2016.10.18-01.44.47:637][  0]LogInit: WinSock: version 1.1 (2.2), MaxSocks=32767, MaxUdp=65467
[2016.10.18-01.44.47:875][  0]LogSlate: SlateFontCache - WITH_FREETYPE: 1, WITH_HARFBUZZ: 1
[2016.10.18-01.44.47:875][  0]LogSlate: SlateFontCache - WITH_FREETYPE: 1, WITH_HARFBUZZ: 1
[2016.10.18-01.44.49:269][  0]LogSubstanceCoreModule: Substance CPU Engine Loaded, Max Texture Size 2048
[2016.10.18-01.44.49:296][  0]LogUdpMessaging: Initializing bridge on interface 0.0.0.0:0 to multicast group 230.0.0.1:6666.
[2016.10.18-01.44.49:539][  0]SourceControl: Info Source control is disabled
[2016.10.18-01.44.49:539][  0]SourceControl: Info Source control is disabled
[2016.10.18-01.44.49:544][  0]SourceControl: Info Source control is disabled
[2016.10.18-01.44.49:547][  0]SourceControl: Info Source control is disabled
[2016.10.18-01.44.49:700][  0]LogEngine: Initializing Engine...
[2016.10.18-01.44.49:718][  0]LogHMD: SteamVR failed to initialize.  Err: 110
[2016.10.18-01.44.49:718][  0]LogHMD: SteamVR failed to initialize.  Err: 110
[2016.10.18-01.44.49:899][  0]LogAIModule: Creating AISystem for world NewWorld
[2016.10.18-01.44.49:901][  0]LogInit: XAudio2 using 'Altavoces / Auriculares (Realtek High Definition Audio)' : 2 channels at 48 kHz using 32 bits per sample (channel mask 0x3)
[2016.10.18-01.44.50:535][  0]LogInit: FAudioDevice initialized.
[2016.10.18-01.44.50:557][  0]LogDerivedDataCache: Saved boot cache 0.02s 48MB C:/Users/gerardo/AppData/Local/UnrealEngine/4.12/DerivedDataCache/Boot.ddc.
[2016.10.18-01.44.50:563][  0]LogInit: Texture streaming: Enabled
[2016.10.18-01.44.50:581][  0]LogInit: Transaction tracking system initialized
[2016.10.18-01.44.50:596][  0]BlueprintLog: New page: Editor Load
[2016.10.18-01.44.51:375][  0]LocalizationService: Info Localization service is disabled
[2016.10.18-01.44.51:611][  0]LogConsoleResponse:Display: 
[2016.10.18-01.44.52:726][  0]LogFileCache: Scanning file cache for directory 'C:/Users/gerardo/Documents/GitHub/UnrealMenu/UnrealMenu/Content/' took 0.01s
[2016.10.18-01.44.52:726][  0]LogCook:Display: Max memory allowance for cook 8192mb
[2016.10.18-01.44.52:726][  0]LogCook:Display: Mobile HDR setting 1
[2016.10.18-01.44.53:040][  0]SourceControl: Info Source control is disabled
[2016.10.18-01.44.53:319][  0]LogFactory: FactoryCreateFile: PackFactory with PackFactory (0 0 C:/Program Files (x86)/Epic Games/4.12/FeaturePacks/StarterContent.upack)
[2016.10.18-01.44.53:913][  0]LogPackFactory: Finished extracting 8 files (including 0 errors).
[2016.10.18-01.44.53:959][  0]LogPackFactory: Copied "../../../Samples/StarterContent/Content/StarterContent/Architecture/Floor_400x400.uasset" to "../../../../../../Users/gerardo/Documents/GitHub/UnrealMenu/UnrealMenu/Content/StarterContent/Architecture/Floor_400x400.uasset"
[2016.10.18-01.44.54:034][  0]LogPackFactory: Copied "../../../Samples/StarterContent/Content/StarterContent/Architecture/Pillar_50x500.uasset" to "../../../../../../Users/gerardo/Documents/GitHub/UnrealMenu/UnrealMenu/Content/StarterContent/Architecture/Pillar_50x500.uasset"
[2016.10.18-01.44.54:150][  0]LogPackFactory: Copied "../../../Samples/StarterContent/Content/StarterContent/Architecture/SM_AssetPlatform.uasset" to "../../../../../../Users/gerardo/Documents/GitHub/UnrealMenu/UnrealMenu/Content/StarterContent/Architecture/SM_AssetPlatform.uasset"
[2016.10.18-01.44.54:171][  0]LogPackFactory: Copied "../../../Samples/StarterContent/Content/StarterContent/Architecture/Wall_400x200.uasset" to "../../../../../../Users/gerardo/Documents/GitHub/UnrealMenu/UnrealMenu/Content/StarterContent/Architecture/Wall_400x200.uasset"
[2016.10.18-01.44.54:232][  0]LogPackFactory: Copied "../../../Samples/StarterContent/Content/StarterContent/Architecture/Wall_400x300.uasset" to "../../../../../../Users/gerardo/Documents/GitHub/UnrealMenu/UnrealMenu/Content/StarterContent/Architecture/Wall_400x300.uasset"
[2016.10.18-01.44.54:253][  0]LogPackFactory: Copied "../../../Samples/StarterContent/Content/StarterContent/Architecture/Wall_400x400.uasset" to "../../../../../../Users/gerardo/Documents/GitHub/UnrealMenu/UnrealMenu/Content/StarterContent/Architecture/Wall_400x400.uasset"
[2016.10.18-01.44.54:294][  0]LogPackFactory: Copied "../../../Samples/StarterContent/Content/StarterContent/Architecture/Wall_500x500.uasset" to "../../../../../../Users/gerardo/Documents/GitHub/UnrealMenu/UnrealMenu/Content/StarterContent/Architecture/Wall_500x500.uasset"
[2016.10.18-01.44.54:368][  0]LogPackFactory: Copied "../../../Samples/StarterContent/Content/StarterContent/Architecture/Wall_Door_400x300.uasset" to "../../../../../../Users/gerardo/Documents/GitHub/UnrealMenu/UnrealMenu/Content/StarterContent/Architecture/Wall_Door_400x300.uasset"
[2016.10.18-01.44.54:432][  0]LogPackFactory: Copied "../../../Samples/StarterContent/Content/StarterContent/Architecture/Wall_Door_400x400.uasset" to "../../../../../../Users/gerardo/Documents/GitHub/UnrealMenu/UnrealMenu/Content/StarterContent/Architecture/Wall_Door_400x400.uasset"
[2016.10.18-01.44.54:488][  0]LogPackFactory: Copied "../../../Samples/StarterContent/Content/StarterContent/Architecture/Wall_Window_400x300.uasset" to "../../../../../../Users/gerardo/Documents/GitHub/UnrealMenu/UnrealMenu/Content/StarterContent/Architecture/Wall_Window_400x300.uasset"
[2016.10.18-01.44.54:544][  0]LogPackFactory: Copied "../../../Samples/StarterContent/Content/StarterContent/Architecture/Wall_Window_400x400.uasset" to "../../../../../../Users/gerardo/Documents/GitHub/UnrealMenu/UnrealMenu/Content/StarterContent/Architecture/Wall_Window_400x400.uasset"
[2016.10.18-01.44.54:727][  0]LogPackFactory: Copied "../../../Samples/StarterContent/Content/StarterContent/Audio/Collapse01.uasset" to "../../../../../../Users/gerardo/Documents/GitHub/UnrealMenu/UnrealMenu/Content/StarterContent/Audio/Collapse01.uasset"
[2016.10.18-01.44.54:809][  0]LogPackFactory: Copied "../../../Samples/StarterContent/Content/StarterContent/Audio/Collapse02.uasset" to "../../../../../../Users/gerardo/Documents/GitHub/UnrealMenu/UnrealMenu/Content/StarterContent/Audio/Collapse02.uasset"
[2016.10.18-01.44.54:841][  0]LogPackFactory: Copied "../../../Samples/StarterContent/Content/StarterContent/Audio/Collapse_Cue.uasset" to "../../../../../../Users/gerardo/Documents/GitHub/UnrealMenu/UnrealMenu/Content/StarterContent/Audio/Collapse_Cue.uasset"
[2016.10.18-01.44.54:891][  0]LogPackFactory: Copied "../../../Samples/StarterContent/Content/StarterContent/Audio/Explosion01.uasset" to "../../../../../../Users/gerardo/Documents/GitHub/UnrealMenu/UnrealMenu/Content/StarterContent/Audio/Explosion01.uasset"
[2016.10.18-01.44.55:078][  0]LogPackFactory: Copied "../../../Samples/StarterContent/Content/StarterContent/Audio/Explosion02.uasset" to "../../../../../../Users/gerardo/Documents/GitHub/UnrealMenu/UnrealMenu/Content/StarterContent/Audio/Explosion02.uasset"
[2016.10.18-01.44.55:106][  0]LogPackFactory: Copied "../../../Samples/StarterContent/Content/StarterContent/Audio/Explosion_Cue.uasset" to "../../../../../../Users/gerardo/Documents/GitHub/UnrealMenu/UnrealMenu/Content/StarterContent/Audio/Explosion_Cue.uasset"
[2016.10.18-01.44.55:251][  0]LogPackFactory: Copied "../../../Samples/StarterContent/Content/StarterContent/Audio/Fire01.uasset" to "../../../../../../Users/gerardo/Documents/GitHub/UnrealMenu/UnrealMenu/Content/StarterContent/Audio/Fire01.uasset"
[2016.10.18-01.44.55:281][  0]LogPackFactory: Copied "../../../Samples/StarterContent/Content/StarterContent/Audio/Fire01_Cue.uasset" to "../../../../../../Users/gerardo/Documents/GitHub/UnrealMenu/UnrealMenu/Content/StarterContent/Audio/Fire01_Cue.uasset"
[2016.10.18-01.44.55:544][  0]LogPackFactory: Copied "../../../Samples/StarterContent/Content/StarterContent/Audio/Fire_Sparks01.uasset" to "../../../../../../Users/gerardo/Documents/GitHub/UnrealMenu/UnrealMenu/Content/StarterContent/Audio/Fire_Sparks01.uasset"
[2016.10.18-01.44.55:564][  0]LogPackFactory: Copied "../../../Samples/StarterContent/Content/StarterContent/Audio/Fire_Sparks01_Cue.uasset" to "../../../../../../Users/gerardo/Documents/GitHub/UnrealMenu/UnrealMenu/Content/StarterContent/Audio/Fire_Sparks01_Cue.uasset"
[2016.10.18-01.44.55:667][  0]LogPackFactory: Copied "../../../Samples/StarterContent/Content/StarterContent/Audio/Light01.uasset" to "../../../../../../Users/gerardo/Documents/GitHub/UnrealMenu/UnrealMenu/Content/StarterContent/Audio/Light01.uasset"
[2016.10.18-01.44.55:690][  0]LogPackFactory: Copied "../../../Samples/StarterContent/Content/StarterContent/Audio/Light01_Cue.uasset" to "../../../../../../Users/gerardo/Documents/GitHub/UnrealMenu/UnrealMenu/Content/StarterContent/Audio/Light01_Cue.uasset"
[2016.10.18-01.44.55:793][  0]LogPackFactory: Copied "../../../Samples/StarterContent/Content/StarterContent/Audio/Light02.uasset" to "../../../../../../Users/gerardo/Documents/GitHub/UnrealMenu/UnrealMenu/Content/StarterContent/Audio/Light02.uasset"
[2016.10.18-01.44.55:821][  0]LogPackFactory: Copied "../../../Samples/StarterContent/Content/StarterContent/Audio/Light02_Cue.uasset" to "../../../../../../Users/gerardo/Documents/GitHub/UnrealMenu/UnrealMenu/Content/StarterContent/Audio/Light02_Cue.uasset"
[2016.10.18-01.44.55:915][  0]LogPackFactory: Copied "../../../Samples/StarterContent/Content/StarterContent/Audio/Smoke01.uasset" to "../../../../../../Users/gerardo/Documents/GitHub/UnrealMenu/UnrealMenu/Content/StarterContent/Audio/Smoke01.uasset"
[2016.10.18-01.44.55:942][  0]LogPackFactory: Copied "../../../Samples/StarterContent/Content/StarterContent/Audio/Smoke01_Cue.uasset" to "../../../../../../Users/gerardo/Documents/GitHub/UnrealMenu/UnrealMenu/Content/StarterContent/Audio/Smoke01_Cue.uasset"
[2016.10.18-01.44.55:973][  0]LogPackFactory: Copied "../../../Samples/StarterContent/Content/StarterContent/Audio/Starter_Background_Cue.uasset" to "../../../../../../Users/gerardo/Documents/GitHub/UnrealMenu/UnrealMenu/Content/StarterContent/Audio/Starter_Background_Cue.uasset"
[2016.10.18-01.44.57:945][  0]LogPackFactory: Copied "../../../Samples/StarterContent/Content/StarterContent/Audio/Starter_Birds01.uasset" to "../../../../../../Users/gerardo/Documents/GitHub/UnrealMenu/UnrealMenu/Content/StarterContent/Audio/Starter_Birds01.uasset"
[2016.10.18-01.45.01:177][  0]LogPackFactory: Copied "../../../Samples/StarterContent/Content/StarterContent/Audio/Starter_Music01.uasset" to "../../../../../../Users/gerardo/Documents/GitHub/UnrealMenu/UnrealMenu/Content/StarterContent/Audio/Starter_Music01.uasset"
[2016.10.18-01.45.01:199][  0]LogPackFactory: Copied "../../../Samples/StarterContent/Content/StarterContent/Audio/Starter_Music_Cue.uasset" to "../../../../../../Users/gerardo/Documents/GitHub/UnrealMenu/UnrealMenu/Content/StarterContent/Audio/Starter_Music_Cue.uasset"
[2016.10.18-01.45.01:975][  0]LogPackFactory: Copied "../../../Samples/StarterContent/Content/StarterContent/Audio/Starter_Wind05.uasset" to "../../../../../../Users/gerardo/Documents/GitHub/UnrealMenu/UnrealMenu/Content/StarterContent/Audio/Starter_Wind05.uasset"
[2016.10.18-01.45.03:273][  0]LogPackFactory: Copied "../../../Samples/StarterContent/Content/StarterContent/Audio/Starter_Wind06.uasset" to "../../../../../../Users/gerardo/Documents/GitHub/UnrealMenu/UnrealMenu/Content/StarterContent/Audio/Starter_Wind06.uasset"
[2016.10.18-01.45.03:519][  0]LogPackFactory: Copied "../../../Samples/StarterContent/Content/StarterContent/Audio/Steam01.uasset" to "../../../../../../Users/gerardo/Documents/GitHub/UnrealMenu/UnrealMenu/Content/StarterContent/Audio/Steam01.uasset"
[2016.10.18-01.45.03:540][  0]LogPackFactory: Copied "../../../Samples/StarterContent/Content/StarterContent/Audio/Steam01_Cue.uasset" to "../../../../../../Users/gerardo/Documents/GitHub/UnrealMenu/UnrealMenu/Content/StarterContent/Audio/Steam01_Cue.uasset"
[2016.10.18-01.45.03:602][  0]LogPackFactory: Copied "../../../Samples/StarterContent/Content/StarterContent/Blueprints/Blueprint_CeilingLight.uasset" to "../../../../../../Users/gerardo/Documents/GitHub/UnrealMenu/UnrealMenu/Content/StarterContent/Blueprints/Blueprint_CeilingLight.uasset"
[2016.10.18-01.45.03:633][  0]LogPackFactory: Copied "../../../Samples/StarterContent/Content/StarterContent/Blueprints/Blueprint_Effect_Explosion.uasset" to "../../../../../../Users/gerardo/Documents/GitHub/UnrealMenu/UnrealMenu/Content/StarterContent/Blueprints/Blueprint_Effect_Explosion.uasset"
[2016.10.18-01.45.03:682][  0]LogPackFactory: Copied "../../../Samples/StarterContent/Content/StarterContent/Blueprints/Blueprint_Effect_Fire.uasset" to "../../../../../../Users/gerardo/Documents/GitHub/UnrealMenu/UnrealMenu/Content/StarterContent/Blueprints/Blueprint_Effect_Fire.uasset"
[2016.10.18-01.45.03:701][  0]LogPackFactory: Copied "../../../Samples/StarterContent/Content/StarterContent/Blueprints/Blueprint_Effect_Smoke.uasset" to "../../../../../../Users/gerardo/Documents/GitHub/UnrealMenu/UnrealMenu/Content/StarterContent/Blueprints/Blueprint_Effect_Smoke.uasset"
[2016.10.18-01.45.03:722][  0]LogPackFactory: Copied "../../../Samples/StarterContent/Content/StarterContent/Blueprints/Blueprint_Effect_Sparks.uasset" to "../../../../../../Users/gerardo/Documents/GitHub/UnrealMenu/UnrealMenu/Content/StarterContent/Blueprints/Blueprint_Effect_Sparks.uasset"
[2016.10.18-01.45.03:740][  0]LogPackFactory: Copied "../../../Samples/StarterContent/Content/StarterContent/Blueprints/Blueprint_Effect_Steam.uasset" to "../../../../../../Users/gerardo/Documents/GitHub/UnrealMenu/UnrealMenu/Content/StarterContent/Blueprints/Blueprint_Effect_Steam.uasset"
[2016.10.18-01.45.03:809][  0]LogPackFactory: Copied "../../../Samples/StarterContent/Content/StarterContent/Blueprints/Blueprint_WallSconce.uasset" to "../../../../../../Users/gerardo/Documents/GitHub/UnrealMenu/UnrealMenu/Content/StarterContent/Blueprints/Blueprint_WallSconce.uasset"
[2016.10.18-01.45.03:953][  0]LogPackFactory: Copied "../../../Samples/StarterContent/Content/StarterContent/Blueprints/BP_LightStudio.uasset" to "../../../../../../Users/gerardo/Documents/GitHub/UnrealMenu/UnrealMenu/Content/StarterContent/Blueprints/BP_LightStudio.uasset"
[2016.10.18-01.45.03:996][  0]LogPackFactory: Copied "../../../Samples/StarterContent/Content/StarterContent/Blueprints/Assets/FogBrightnessLUT.uasset" to "../../../../../../Users/gerardo/Documents/GitHub/UnrealMenu/UnrealMenu/Content/StarterContent/Blueprints/Assets/FogBrightnessLUT.uasset"
[2016.10.18-01.45.04:016][  0]LogPackFactory: Copied "../../../Samples/StarterContent/Content/StarterContent/Blueprints/Assets/M_LightStage_Arrows.uasset" to "../../../../../../Users/gerardo/Documents/GitHub/UnrealMenu/UnrealMenu/Content/StarterContent/Blueprints/Assets/M_LightStage_Arrows.uasset"
[2016.10.18-01.45.04:056][  0]LogPackFactory: Copied "../../../Samples/StarterContent/Content/StarterContent/Blueprints/Assets/M_LightStage_Skybox_Black.uasset" to "../../../../../../Users/gerardo/Documents/GitHub/UnrealMenu/UnrealMenu/Content/StarterContent/Blueprints/Assets/M_LightStage_Skybox_Black.uasset"
[2016.10.18-01.45.04:112][  0]LogPackFactory: Copied "../../../Samples/StarterContent/Content/StarterContent/Blueprints/Assets/M_LightStage_Skybox_HDRI.uasset" to "../../../../../../Users/gerardo/Documents/GitHub/UnrealMenu/UnrealMenu/Content/StarterContent/Blueprints/Assets/M_LightStage_Skybox_HDRI.uasset"
[2016.10.18-01.45.04:122][  0]LogPackFactory: Copied "../../../Samples/StarterContent/Content/StarterContent/Blueprints/Assets/M_LightStage_Skybox_Master.uasset" to "../../../../../../Users/gerardo/Documents/GitHub/UnrealMenu/UnrealMenu/Content/StarterContent/Blueprints/Assets/M_LightStage_Skybox_Master.uasset"
[2016.10.18-01.45.04:296][  0]LogPackFactory: Copied "../../../Samples/StarterContent/Content/StarterContent/Blueprints/Assets/Skybox.uasset" to "../../../../../../Users/gerardo/Documents/GitHub/UnrealMenu/UnrealMenu/Content/StarterContent/Blueprints/Assets/Skybox.uasset"
[2016.10.18-01.45.04:432][  0]LogPackFactory: Copied "../../../Samples/StarterContent/Content/StarterContent/Blueprints/Assets/SM_Arrows.uasset" to "../../../../../../Users/gerardo/Documents/GitHub/UnrealMenu/UnrealMenu/Content/StarterContent/Blueprints/Assets/SM_Arrows.uasset"
[2016.10.18-01.45.04:455][  0]LogPackFactory: Copied "../../../Samples/StarterContent/Content/StarterContent/Blueprints/Assets/SunlightColorLUT.uasset" to "../../../../../../Users/gerardo/Documents/GitHub/UnrealMenu/UnrealMenu/Content/StarterContent/Blueprints/Assets/SunlightColorLUT.uasset"
[2016.10.18-01.45.12:428][  0]LogPackFactory: Copied "../../../Samples/StarterContent/Content/StarterContent/HDRI/HDRI_Epic_Courtyard_Daylight.uasset" to "../../../../../../Users/gerardo/Documents/GitHub/UnrealMenu/UnrealMenu/Content/StarterContent/HDRI/HDRI_Epic_Courtyard_Daylight.uasset"
[2016.10.18-01.45.12:474][  0]LogPackFactory: Copied "../../../Samples/StarterContent/Content/StarterContent/Maps/Advanced_Lighting.umap" to "../../../../../../Users/gerardo/Documents/GitHub/UnrealMenu/UnrealMenu/Content/StarterContent/Maps/Advanced_Lighting.umap"
[2016.10.18-01.45.12:753][  0]LogPackFactory: Copied "../../../Samples/StarterContent/Content/StarterContent/Maps/Minimal_Default.umap" to "../../../../../../Users/gerardo/Documents/GitHub/UnrealMenu/UnrealMenu/Content/StarterContent/Maps/Minimal_Default.umap"
[2016.10.18-01.45.19:651][  0]LogPackFactory: Copied "../../../Samples/StarterContent/Content/StarterContent/Maps/StarterMap.umap" to "../../../../../../Users/gerardo/Documents/GitHub/UnrealMenu/UnrealMenu/Content/StarterContent/Maps/StarterMap.umap"
[2016.10.18-01.45.19:706][  0]LogPackFactory: Copied "../../../Samples/StarterContent/Content/StarterContent/Materials/M_AssetPlatform.uasset" to "../../../../../../Users/gerardo/Documents/GitHub/UnrealMenu/UnrealMenu/Content/StarterContent/Materials/M_AssetPlatform.uasset"
[2016.10.18-01.45.19:730][  0]LogPackFactory: Copied "../../../Samples/StarterContent/Content/StarterContent/Materials/M_Basic_Floor.uasset" to "../../../../../../Users/gerardo/Documents/GitHub/UnrealMenu/UnrealMenu/Content/StarterContent/Materials/M_Basic_Floor.uasset"
[2016.10.18-01.45.19:783][  0]LogPackFactory: Copied "../../../Samples/StarterContent/Content/StarterContent/Materials/M_Basic_Wall.uasset" to "../../../../../../Users/gerardo/Documents/GitHub/UnrealMenu/UnrealMenu/Content/StarterContent/Materials/M_Basic_Wall.uasset"
[2016.10.18-01.45.19:830][  0]LogPackFactory: Copied "../../../Samples/StarterContent/Content/StarterContent/Materials/M_Brick_Clay_Beveled.uasset" to "../../../../../../Users/gerardo/Documents/GitHub/UnrealMenu/UnrealMenu/Content/StarterContent/Materials/M_Brick_Clay_Beveled.uasset"
[2016.10.18-01.45.19:870][  0]LogPackFactory: Copied "../../../Samples/StarterContent/Content/StarterContent/Materials/M_Brick_Clay_New.uasset" to "../../../../../../Users/gerardo/Documents/GitHub/UnrealMenu/UnrealMenu/Content/StarterContent/Materials/M_Brick_Clay_New.uasset"
[2016.10.18-01.45.19:936][  0]LogPackFactory: Copied "../../../Samples/StarterContent/Content/StarterContent/Materials/M_Brick_Clay_Old.uasset" to "../../../../../../Users/gerardo/Documents/GitHub/UnrealMenu/UnrealMenu/Content/StarterContent/Materials/M_Brick_Clay_Old.uasset"
[2016.10.18-01.45.19:986][  0]LogPackFactory: Copied "../../../Samples/StarterContent/Content/StarterContent/Materials/M_Brick_Cut_Stone.uasset" to "../../../../../../Users/gerardo/Documents/GitHub/UnrealMenu/UnrealMenu/Content/StarterContent/Materials/M_Brick_Cut_Stone.uasset"
[2016.10.18-01.45.20:007][  0]LogPackFactory: Copied "../../../Samples/StarterContent/Content/StarterContent/Materials/M_Brick_Hewn_Stone.uasset" to "../../../../../../Users/gerardo/Documents/GitHub/UnrealMenu/UnrealMenu/Content/StarterContent/Materials/M_Brick_Hewn_Stone.uasset"
[2016.10.18-01.45.20:034][  0]LogPackFactory: Copied "../../../Samples/StarterContent/Content/StarterContent/Materials/M_Ceramic_Tile_Checker.uasset" to "../../../../../../Users/gerardo/Documents/GitHub/UnrealMenu/UnrealMenu/Content/StarterContent/Materials/M_Ceramic_Tile_Checker.uasset"
[2016.10.18-01.45.20:088][  0]LogPackFactory: Copied "../../../Samples/StarterContent/Content/StarterContent/Materials/M_CobbleStone_Pebble.uasset" to "../../../../../../Users/gerardo/Documents/GitHub/UnrealMenu/UnrealMenu/Content/StarterContent/Materials/M_CobbleStone_Pebble.uasset"
[2016.10.18-01.45.20:158][  0]LogPackFactory: Copied "../../../Samples/StarterContent/Content/StarterContent/Materials/M_CobbleStone_Rough.uasset" to "../../../../../../Users/gerardo/Documents/GitHub/UnrealMenu/UnrealMenu/Content/StarterContent/Materials/M_CobbleStone_Rough.uasset"
[2016.10.18-01.45.20:380][  0]LogPackFactory: Copied "../../../Samples/StarterContent/Content/StarterContent/Materials/M_CobbleStone_Smooth.uasset" to "../../../../../../Users/gerardo/Documents/GitHub/UnrealMenu/UnrealMenu/Content/StarterContent/Materials/M_CobbleStone_Smooth.uasset"
[2016.10.18-01.45.20:424][  0]LogPackFactory: Copied "../../../Samples/StarterContent/Content/StarterContent/Materials/M_ColorGrid_LowSpec.uasset" to "../../../../../../Users/gerardo/Documents/GitHub/UnrealMenu/UnrealMenu/Content/StarterContent/Materials/M_ColorGrid_LowSpec.uasset"
[2016.10.18-01.45.20:482][  0]LogPackFactory: Copied "../../../Samples/StarterContent/Content/StarterContent/Materials/M_Concrete_Grime.uasset" to "../../../../../../Users/gerardo/Documents/GitHub/UnrealMenu/UnrealMenu/Content/StarterContent/Materials/M_Concrete_Grime.uasset"
[2016.10.18-01.45.20:509][  0]LogPackFactory: Copied "../../../Samples/StarterContent/Content/StarterContent/Materials/M_Concrete_Panels.uasset" to "../../../../../../Users/gerardo/Documents/GitHub/UnrealMenu/UnrealMenu/Content/StarterContent/Materials/M_Concrete_Panels.uasset"
[2016.10.18-01.45.20:541][  0]LogPackFactory: Copied "../../../Samples/StarterContent/Content/StarterContent/Materials/M_Concrete_Poured.uasset" to "../../../../../../Users/gerardo/Documents/GitHub/UnrealMenu/UnrealMenu/Content/StarterContent/Materials/M_Concrete_Poured.uasset"
[2016.10.18-01.45.20:581][  0]LogPackFactory: Copied "../../../Samples/StarterContent/Content/StarterContent/Materials/M_Concrete_Tiles.uasset" to "../../../../../../Users/gerardo/Documents/GitHub/UnrealMenu/UnrealMenu/Content/StarterContent/Materials/M_Concrete_Tiles.uasset"
[2016.10.18-01.45.20:606][  0]LogPackFactory: Copied "../../../Samples/StarterContent/Content/StarterContent/Materials/M_Glass.uasset" to "../../../../../../Users/gerardo/Documents/GitHub/UnrealMenu/UnrealMenu/Content/StarterContent/Materials/M_Glass.uasset"
[2016.10.18-01.45.20:665][  0]LogPackFactory: Copied "../../../Samples/StarterContent/Content/StarterContent/Materials/M_Ground_Grass.uasset" to "../../../../../../Users/gerardo/Documents/GitHub/UnrealMenu/UnrealMenu/Content/StarterContent/Materials/M_Ground_Grass.uasset"
[2016.10.18-01.45.20:729][  0]LogPackFactory: Copied "../../../Samples/StarterContent/Content/StarterContent/Materials/M_Ground_Gravel.uasset" to "../../../../../../Users/gerardo/Documents/GitHub/UnrealMenu/UnrealMenu/Content/StarterContent/Materials/M_Ground_Gravel.uasset"
[2016.10.18-01.45.20:780][  0]LogPackFactory: Copied "../../../Samples/StarterContent/Content/StarterContent/Materials/M_Ground_Moss.uasset" to "../../../../../../Users/gerardo/Documents/GitHub/UnrealMenu/UnrealMenu/Content/StarterContent/Materials/M_Ground_Moss.uasset"
[2016.10.18-01.45.20:811][  0]LogPackFactory: Copied "../../../Samples/StarterContent/Content/StarterContent/Materials/M_Metal_Brushed_Nickel.uasset" to "../../../../../../Users/gerardo/Documents/GitHub/UnrealMenu/UnrealMenu/Content/StarterContent/Materials/M_Metal_Brushed_Nickel.uasset"
[2016.10.18-01.45.20:844][  0]LogPackFactory: Copied "../../../Samples/StarterContent/Content/StarterContent/Materials/M_Metal_Burnished_Steel.uasset" to "../../../../../../Users/gerardo/Documents/GitHub/UnrealMenu/UnrealMenu/Content/StarterContent/Materials/M_Metal_Burnished_Steel.uasset"
[2016.10.18-01.45.20:860][  0]LogPackFactory: Copied "../../../Samples/StarterContent/Content/StarterContent/Materials/M_Metal_Chrome.uasset" to "../../../../../../Users/gerardo/Documents/GitHub/UnrealMenu/UnrealMenu/Content/StarterContent/Materials/M_Metal_Chrome.uasset"
[2016.10.18-01.45.20:886][  0]LogPackFactory: Copied "../../../Samples/StarterContent/Content/StarterContent/Materials/M_Metal_Copper.uasset" to "../../../../../../Users/gerardo/Documents/GitHub/UnrealMenu/UnrealMenu/Content/StarterContent/Materials/M_Metal_Copper.uasset"
[2016.10.18-01.45.20:999][  0]LogPackFactory: Copied "../../../Samples/StarterContent/Content/StarterContent/Materials/M_Metal_Gold.uasset" to "../../../../../../Users/gerardo/Documents/GitHub/UnrealMenu/UnrealMenu/Content/StarterContent/Materials/M_Metal_Gold.uasset"
[2016.10.18-01.45.21:105][  0]LogPackFactory: Copied "../../../Samples/StarterContent/Content/StarterContent/Materials/M_Metal_Rust.uasset" to "../../../../../../Users/gerardo/Documents/GitHub/UnrealMenu/UnrealMenu/Content/StarterContent/Materials/M_Metal_Rust.uasset"
[2016.10.18-01.45.21:136][  0]LogPackFactory: Copied "../../../Samples/StarterContent/Content/StarterContent/Materials/M_Metal_Steel.uasset" to "../../../../../../Users/gerardo/Documents/GitHub/UnrealMenu/UnrealMenu/Content/StarterContent/Materials/M_Metal_Steel.uasset"
[2016.10.18-01.45.21:190][  0]LogPackFactory: Copied "../../../Samples/StarterContent/Content/StarterContent/Materials/M_Rock_Basalt.uasset" to "../../../../../../Users/gerardo/Documents/GitHub/UnrealMenu/UnrealMenu/Content/StarterContent/Materials/M_Rock_Basalt.uasset"
[2016.10.18-01.45.21:276][  0]LogPackFactory: Copied "../../../Samples/StarterContent/Content/StarterContent/Materials/M_Rock_Marble_Polished.uasset" to "../../../../../../Users/gerardo/Documents/GitHub/UnrealMenu/UnrealMenu/Content/StarterContent/Materials/M_Rock_Marble_Polished.uasset"
[2016.10.18-01.45.21:349][  0]LogPackFactory: Copied "../../../Samples/StarterContent/Content/StarterContent/Materials/M_Rock_Sandstone.uasset" to "../../../../../../Users/gerardo/Documents/GitHub/UnrealMenu/UnrealMenu/Content/StarterContent/Materials/M_Rock_Sandstone.uasset"
[2016.10.18-01.45.21:397][  0]LogPackFactory: Copied "../../../Samples/StarterContent/Content/StarterContent/Materials/M_Rock_Slate.uasset" to "../../../../../../Users/gerardo/Documents/GitHub/UnrealMenu/UnrealMenu/Content/StarterContent/Materials/M_Rock_Slate.uasset"
[2016.10.18-01.45.21:465][  0]LogPackFactory: Copied "../../../Samples/StarterContent/Content/StarterContent/Materials/M_Tech_Checker_Dot.uasset" to "../../../../../../Users/gerardo/Documents/GitHub/UnrealMenu/UnrealMenu/Content/StarterContent/Materials/M_Tech_Checker_Dot.uasset"
[2016.10.18-01.45.21:531][  0]LogPackFactory: Copied "../../../Samples/StarterContent/Content/StarterContent/Materials/M_Tech_Hex_Tile.uasset" to "../../../../../../Users/gerardo/Documents/GitHub/UnrealMenu/UnrealMenu/Content/StarterContent/Materials/M_Tech_Hex_Tile.uasset"
[2016.10.18-01.45.21:636][  0]LogPackFactory: Copied "../../../Samples/StarterContent/Content/StarterContent/Materials/M_Tech_Hex_Tile_Pulse.uasset" to "../../../../../../Users/gerardo/Documents/GitHub/UnrealMenu/UnrealMenu/Content/StarterContent/Materials/M_Tech_Hex_Tile_Pulse.uasset"
[2016.10.18-01.45.21:670][  0]LogPackFactory: Copied "../../../Samples/StarterContent/Content/StarterContent/Materials/M_Tech_Panel.uasset" to "../../../../../../Users/gerardo/Documents/GitHub/UnrealMenu/UnrealMenu/Content/StarterContent/Materials/M_Tech_Panel.uasset"
[2016.10.18-01.45.21:700][  0]LogPackFactory: Copied "../../../Samples/StarterContent/Content/StarterContent/Materials/M_Water_Lake.uasset" to "../../../../../../Users/gerardo/Documents/GitHub/UnrealMenu/UnrealMenu/Content/StarterContent/Materials/M_Water_Lake.uasset"
[2016.10.18-01.45.21:732][  0]LogPackFactory: Copied "../../../Samples/StarterContent/Content/StarterContent/Materials/M_Water_Ocean.uasset" to "../../../../../../Users/gerardo/Documents/GitHub/UnrealMenu/UnrealMenu/Content/StarterContent/Materials/M_Water_Ocean.uasset"
[2016.10.18-01.45.21:815][  0]LogPackFactory: Copied "../../../Samples/StarterContent/Content/StarterContent/Materials/M_Wood_Floor_Walnut_Polished.uasset" to "../../../../../../Users/gerardo/Documents/GitHub/UnrealMenu/UnrealMenu/Content/StarterContent/Materials/M_Wood_Floor_Walnut_Polished.uasset"
[2016.10.18-01.45.21:868][  0]LogPackFactory: Copied "../../../Samples/StarterContent/Content/StarterContent/Materials/M_Wood_Floor_Walnut_Worn.uasset" to "../../../../../../Users/gerardo/Documents/GitHub/UnrealMenu/UnrealMenu/Content/StarterContent/Materials/M_Wood_Floor_Walnut_Worn.uasset"
[2016.10.18-01.45.21:943][  0]LogPackFactory: Copied "../../../Samples/StarterContent/Content/StarterContent/Materials/M_Wood_Oak.uasset" to "../../../../../../Users/gerardo/Documents/GitHub/UnrealMenu/UnrealMenu/Content/StarterContent/Materials/M_Wood_Oak.uasset"
[2016.10.18-01.45.22:022][  0]LogPackFactory: Copied "../../../Samples/StarterContent/Content/StarterContent/Materials/M_Wood_Pine.uasset" to "../../../../../../Users/gerardo/Documents/GitHub/UnrealMenu/UnrealMenu/Content/StarterContent/Materials/M_Wood_Pine.uasset"
[2016.10.18-01.45.22:122][  0]LogPackFactory: Copied "../../../Samples/StarterContent/Content/StarterContent/Materials/M_Wood_Walnut.uasset" to "../../../../../../Users/gerardo/Documents/GitHub/UnrealMenu/UnrealMenu/Content/StarterContent/Materials/M_Wood_Walnut.uasset"
[2016.10.18-01.45.22:175][  0]LogPackFactory: Copied "../../../Samples/StarterContent/Content/StarterContent/Particles/P_Ambient_Dust.uasset" to "../../../../../../Users/gerardo/Documents/GitHub/UnrealMenu/UnrealMenu/Content/StarterContent/Particles/P_Ambient_Dust.uasset"
[2016.10.18-01.45.22:232][  0]LogPackFactory: Copied "../../../Samples/StarterContent/Content/StarterContent/Particles/P_Explosion.uasset" to "../../../../../../Users/gerardo/Documents/GitHub/UnrealMenu/UnrealMenu/Content/StarterContent/Particles/P_Explosion.uasset"
[2016.10.18-01.45.22:916][  0]LogPackFactory: Copied "../../../Samples/StarterContent/Content/StarterContent/Particles/P_Fire.uasset" to "../../../../../../Users/gerardo/Documents/GitHub/UnrealMenu/UnrealMenu/Content/StarterContent/Particles/P_Fire.uasset"
[2016.10.18-01.45.22:938][  0]LogPackFactory: Copied "../../../Samples/StarterContent/Content/StarterContent/Particles/P_Smoke.uasset" to "../../../../../../Users/gerardo/Documents/GitHub/UnrealMenu/UnrealMenu/Content/StarterContent/Particles/P_Smoke.uasset"
[2016.10.18-01.45.22:995][  0]LogPackFactory: Copied "../../../Samples/StarterContent/Content/StarterContent/Particles/P_Sparks.uasset" to "../../../../../../Users/gerardo/Documents/GitHub/UnrealMenu/UnrealMenu/Content/StarterContent/Particles/P_Sparks.uasset"
[2016.10.18-01.45.23:023][  0]LogPackFactory: Copied "../../../Samples/StarterContent/Content/StarterContent/Particles/P_Steam_Lit.uasset" to "../../../../../../Users/gerardo/Documents/GitHub/UnrealMenu/UnrealMenu/Content/StarterContent/Particles/P_Steam_Lit.uasset"
[2016.10.18-01.45.23:071][  0]LogPackFactory: Copied "../../../Samples/StarterContent/Content/StarterContent/Particles/Materials/M_Burst.uasset" to "../../../../../../Users/gerardo/Documents/GitHub/UnrealMenu/UnrealMenu/Content/StarterContent/Particles/Materials/M_Burst.uasset"
[2016.10.18-01.45.23:145][  0]LogPackFactory: Copied "../../../Samples/StarterContent/Content/StarterContent/Particles/Materials/M_Dust_Particle.uasset" to "../../../../../../Users/gerardo/Documents/GitHub/UnrealMenu/UnrealMenu/Content/StarterContent/Particles/Materials/M_Dust_Particle.uasset"
[2016.10.18-01.45.23:450][  0]LogPackFactory: Copied "../../../Samples/StarterContent/Content/StarterContent/Particles/Materials/M_explosion_subUV.uasset" to "../../../../../../Users/gerardo/Documents/GitHub/UnrealMenu/UnrealMenu/Content/StarterContent/Particles/Materials/M_explosion_subUV.uasset"
[2016.10.18-01.45.23:582][  0]LogPackFactory: Copied "../../../Samples/StarterContent/Content/StarterContent/Particles/Materials/M_Fire_SubUV.uasset" to "../../../../../../Users/gerardo/Documents/GitHub/UnrealMenu/UnrealMenu/Content/StarterContent/Particles/Materials/M_Fire_SubUV.uasset"
[2016.10.18-01.45.23:699][  0]LogPackFactory: Copied "../../../Samples/StarterContent/Content/StarterContent/Particles/Materials/m_flare_01.uasset" to "../../../../../../Users/gerardo/Documents/GitHub/UnrealMenu/UnrealMenu/Content/StarterContent/Particles/Materials/m_flare_01.uasset"
[2016.10.18-01.45.23:783][  0]LogPackFactory: Copied "../../../Samples/StarterContent/Content/StarterContent/Particles/Materials/M_Heat_Distortion.uasset" to "../../../../../../Users/gerardo/Documents/GitHub/UnrealMenu/UnrealMenu/Content/StarterContent/Particles/Materials/M_Heat_Distortion.uasset"
[2016.10.18-01.45.23:811][  0]LogPackFactory: Copied "../../../Samples/StarterContent/Content/StarterContent/Particles/Materials/M_Radial_Gradient.uasset" to "../../../../../../Users/gerardo/Documents/GitHub/UnrealMenu/UnrealMenu/Content/StarterContent/Particles/Materials/M_Radial_Gradient.uasset"
[2016.10.18-01.45.23:832][  0]LogPackFactory: Copied "../../../Samples/StarterContent/Content/StarterContent/Particles/Materials/M_radial_ramp.uasset" to "../../../../../../Users/gerardo/Documents/GitHub/UnrealMenu/UnrealMenu/Content/StarterContent/Particles/Materials/M_radial_ramp.uasset"
[2016.10.18-01.45.23:879][  0]LogPackFactory: Copied "../../../Samples/StarterContent/Content/StarterContent/Particles/Materials/M_smoke_subUV.uasset" to "../../../../../../Users/gerardo/Documents/GitHub/UnrealMenu/UnrealMenu/Content/StarterContent/Particles/Materials/M_smoke_subUV.uasset"
[2016.10.18-01.45.23:906][  0]LogPackFactory: Copied "../../../Samples/StarterContent/Content/StarterContent/Particles/Materials/M_Spark.uasset" to "../../../../../../Users/gerardo/Documents/GitHub/UnrealMenu/UnrealMenu/Content/StarterContent/Particles/Materials/M_Spark.uasset"
[2016.10.18-01.45.23:980][  0]LogPackFactory: Copied "../../../Samples/StarterContent/Content/StarterContent/Props/MaterialSphere.uasset" to "../../../../../../Users/gerardo/Documents/GitHub/UnrealMenu/UnrealMenu/Content/StarterContent/Props/MaterialSphere.uasset"
[2016.10.18-01.45.24:017][  0]LogPackFactory: Copied "../../../Samples/StarterContent/Content/StarterContent/Props/SM_Bush.uasset" to "../../../../../../Users/gerardo/Documents/GitHub/UnrealMenu/UnrealMenu/Content/StarterContent/Props/SM_Bush.uasset"
[2016.10.18-01.45.24:107][  0]LogPackFactory: Copied "../../../Samples/StarterContent/Content/StarterContent/Props/SM_Chair.uasset" to "../../../../../../Users/gerardo/Documents/GitHub/UnrealMenu/UnrealMenu/Content/StarterContent/Props/SM_Chair.uasset"
[2016.10.18-01.45.24:154][  0]LogPackFactory: Copied "../../../Samples/StarterContent/Content/StarterContent/Props/SM_CornerFrame.uasset" to "../../../../../../Users/gerardo/Documents/GitHub/UnrealMenu/UnrealMenu/Content/StarterContent/Props/SM_CornerFrame.uasset"
[2016.10.18-01.45.24:222][  0]LogPackFactory: Copied "../../../Samples/StarterContent/Content/StarterContent/Props/SM_Couch.uasset" to "../../../../../../Users/gerardo/Documents/GitHub/UnrealMenu/UnrealMenu/Content/StarterContent/Props/SM_Couch.uasset"
[2016.10.18-01.45.24:313][  0]LogPackFactory: Copied "../../../Samples/StarterContent/Content/StarterContent/Props/SM_Door.uasset" to "../../../../../../Users/gerardo/Documents/GitHub/UnrealMenu/UnrealMenu/Content/StarterContent/Props/SM_Door.uasset"
[2016.10.18-01.45.24:359][  0]LogPackFactory: Copied "../../../Samples/StarterContent/Content/StarterContent/Props/SM_DoorFrame.uasset" to "../../../../../../Users/gerardo/Documents/GitHub/UnrealMenu/UnrealMenu/Content/StarterContent/Props/SM_DoorFrame.uasset"
[2016.10.18-01.45.24:384][  0]LogPackFactory: Copied "../../../Samples/StarterContent/Content/StarterContent/Props/SM_GlassWindow.uasset" to "../../../../../../Users/gerardo/Documents/GitHub/UnrealMenu/UnrealMenu/Content/StarterContent/Props/SM_GlassWindow.uasset"
[2016.10.18-01.45.24:486][  0]LogPackFactory: Copied "../../../Samples/StarterContent/Content/StarterContent/Props/SM_Lamp_Ceiling.uasset" to "../../../../../../Users/gerardo/Documents/GitHub/UnrealMenu/UnrealMenu/Content/StarterContent/Props/SM_Lamp_Ceiling.uasset"
[2016.10.18-01.45.24:513][  0]LogPackFactory: Copied "../../../Samples/StarterContent/Content/StarterContent/Props/SM_Lamp_Wall.uasset" to "../../../../../../Users/gerardo/Documents/GitHub/UnrealMenu/UnrealMenu/Content/StarterContent/Props/SM_Lamp_Wall.uasset"
[2016.10.18-01.45.25:201][  0]LogPackFactory: Copied "../../../Samples/StarterContent/Content/StarterContent/Props/SM_MatPreviewMesh_02.uasset" to "../../../../../../Users/gerardo/Documents/GitHub/UnrealMenu/UnrealMenu/Content/StarterContent/Props/SM_MatPreviewMesh_02.uasset"
[2016.10.18-01.45.25:280][  0]LogPackFactory: Copied "../../../Samples/StarterContent/Content/StarterContent/Props/SM_PillarFrame.uasset" to "../../../../../../Users/gerardo/Documents/GitHub/UnrealMenu/UnrealMenu/Content/StarterContent/Props/SM_PillarFrame.uasset"
[2016.10.18-01.45.25:312][  0]LogPackFactory: Copied "../../../Samples/StarterContent/Content/StarterContent/Props/SM_PillarFrame300.uasset" to "../../../../../../Users/gerardo/Documents/GitHub/UnrealMenu/UnrealMenu/Content/StarterContent/Props/SM_PillarFrame300.uasset"
[2016.10.18-01.45.25:368][  0]LogPackFactory: Copied "../../../Samples/StarterContent/Content/StarterContent/Props/SM_Rock.uasset" to "../../../../../../Users/gerardo/Documents/GitHub/UnrealMenu/UnrealMenu/Content/StarterContent/Props/SM_Rock.uasset"
[2016.10.18-01.45.25:388][  0]LogPackFactory: Copied "../../../Samples/StarterContent/Content/StarterContent/Props/SM_Shelf.uasset" to "../../../../../../Users/gerardo/Documents/GitHub/UnrealMenu/UnrealMenu/Content/StarterContent/Props/SM_Shelf.uasset"
[2016.10.18-01.45.25:419][  0]LogPackFactory: Copied "../../../Samples/StarterContent/Content/StarterContent/Props/SM_Stairs.uasset" to "../../../../../../Users/gerardo/Documents/GitHub/UnrealMenu/UnrealMenu/Content/StarterContent/Props/SM_Stairs.uasset"
[2016.10.18-01.45.25:537][  0]LogPackFactory: Copied "../../../Samples/StarterContent/Content/StarterContent/Props/SM_Statue.uasset" to "../../../../../../Users/gerardo/Documents/GitHub/UnrealMenu/UnrealMenu/Content/StarterContent/Props/SM_Statue.uasset"
[2016.10.18-01.45.25:663][  0]LogPackFactory: Copied "../../../Samples/StarterContent/Content/StarterContent/Props/SM_TableRound.uasset" to "../../../../../../Users/gerardo/Documents/GitHub/UnrealMenu/UnrealMenu/Content/StarterContent/Props/SM_TableRound.uasset"
[2016.10.18-01.45.25:713][  0]LogPackFactory: Copied "../../../Samples/StarterContent/Content/StarterContent/Props/SM_WindowFrame.uasset" to "../../../../../../Users/gerardo/Documents/GitHub/UnrealMenu/UnrealMenu/Content/StarterContent/Props/SM_WindowFrame.uasset"
[2016.10.18-01.45.25:745][  0]LogPackFactory: Copied "../../../Samples/StarterContent/Content/StarterContent/Props/Materials/M_Bush.uasset" to "../../../../../../Users/gerardo/Documents/GitHub/UnrealMenu/UnrealMenu/Content/StarterContent/Props/Materials/M_Bush.uasset"
[2016.10.18-01.45.25:779][  0]LogPackFactory: Copied "../../../Samples/StarterContent/Content/StarterContent/Props/Materials/M_Chair.uasset" to "../../../../../../Users/gerardo/Documents/GitHub/UnrealMenu/UnrealMenu/Content/StarterContent/Props/Materials/M_Chair.uasset"
[2016.10.18-01.45.25:814][  0]LogPackFactory: Copied "../../../Samples/StarterContent/Content/StarterContent/Props/Materials/M_Door.uasset" to "../../../../../../Users/gerardo/Documents/GitHub/UnrealMenu/UnrealMenu/Content/StarterContent/Props/Materials/M_Door.uasset"
[2016.10.18-01.45.25:861][  0]LogPackFactory: Copied "../../../Samples/StarterContent/Content/StarterContent/Props/Materials/M_Frame.uasset" to "../../../../../../Users/gerardo/Documents/GitHub/UnrealMenu/UnrealMenu/Content/StarterContent/Props/Materials/M_Frame.uasset"
[2016.10.18-01.45.25:949][  0]LogPackFactory: Copied "../../../Samples/StarterContent/Content/StarterContent/Props/Materials/M_Lamp.uasset" to "../../../../../../Users/gerardo/Documents/GitHub/UnrealMenu/UnrealMenu/Content/StarterContent/Props/Materials/M_Lamp.uasset"
[2016.10.18-01.45.25:996][  0]LogPackFactory: Copied "../../../Samples/StarterContent/Content/StarterContent/Props/Materials/M_MaterialSphere.uasset" to "../../../../../../Users/gerardo/Documents/GitHub/UnrealMenu/UnrealMenu/Content/StarterContent/Props/Materials/M_MaterialSphere.uasset"
[2016.10.18-01.45.26:046][  0]LogPackFactory: Copied "../../../Samples/StarterContent/Content/StarterContent/Props/Materials/M_MaterialSphere_Plain.uasset" to "../../../../../../Users/gerardo/Documents/GitHub/UnrealMenu/UnrealMenu/Content/StarterContent/Props/Materials/M_MaterialSphere_Plain.uasset"
[2016.10.18-01.45.26:076][  0]LogPackFactory: Copied "../../../Samples/StarterContent/Content/StarterContent/Props/Materials/M_Rock.uasset" to "../../../../../../Users/gerardo/Documents/GitHub/UnrealMenu/UnrealMenu/Content/StarterContent/Props/Materials/M_Rock.uasset"
[2016.10.18-01.45.26:104][  0]LogPackFactory: Copied "../../../Samples/StarterContent/Content/StarterContent/Props/Materials/M_Shelf.uasset" to "../../../../../../Users/gerardo/Documents/GitHub/UnrealMenu/UnrealMenu/Content/StarterContent/Props/Materials/M_Shelf.uasset"
[2016.10.18-01.45.26:130][  0]LogPackFactory: Copied "../../../Samples/StarterContent/Content/StarterContent/Props/Materials/M_Statue.uasset" to "../../../../../../Users/gerardo/Documents/GitHub/UnrealMenu/UnrealMenu/Content/StarterContent/Props/Materials/M_Statue.uasset"
[2016.10.18-01.45.26:167][  0]LogPackFactory: Copied "../../../Samples/StarterContent/Content/StarterContent/Props/Materials/M_StatueGlass.uasset" to "../../../../../../Users/gerardo/Documents/GitHub/UnrealMenu/UnrealMenu/Content/StarterContent/Props/Materials/M_StatueGlass.uasset"
[2016.10.18-01.45.26:240][  0]LogPackFactory: Copied "../../../Samples/StarterContent/Content/StarterContent/Props/Materials/M_TableRound.uasset" to "../../../../../../Users/gerardo/Documents/GitHub/UnrealMenu/UnrealMenu/Content/StarterContent/Props/Materials/M_TableRound.uasset"
[2016.10.18-01.45.26:343][  0]LogPackFactory: Copied "../../../Samples/StarterContent/Content/StarterContent/Shapes/Shape_Cone.uasset" to "../../../../../../Users/gerardo/Documents/GitHub/UnrealMenu/UnrealMenu/Content/StarterContent/Shapes/Shape_Cone.uasset"
[2016.10.18-01.45.26:357][  0]LogPackFactory: Copied "../../../Samples/StarterContent/Content/StarterContent/Shapes/Shape_Cube.uasset" to "../../../../../../Users/gerardo/Documents/GitHub/UnrealMenu/UnrealMenu/Content/StarterContent/Shapes/Shape_Cube.uasset"
[2016.10.18-01.45.26:401][  0]LogPackFactory: Copied "../../../Samples/StarterContent/Content/StarterContent/Shapes/Shape_Cylinder.uasset" to "../../../../../../Users/gerardo/Documents/GitHub/UnrealMenu/UnrealMenu/Content/StarterContent/Shapes/Shape_Cylinder.uasset"
[2016.10.18-01.45.26:463][  0]LogPackFactory: Copied "../../../Samples/StarterContent/Content/StarterContent/Shapes/Shape_NarrowCapsule.uasset" to "../../../../../../Users/gerardo/Documents/GitHub/UnrealMenu/UnrealMenu/Content/StarterContent/Shapes/Shape_NarrowCapsule.uasset"
[2016.10.18-01.45.26:490][  0]LogPackFactory: Copied "../../../Samples/StarterContent/Content/StarterContent/Shapes/Shape_Pipe.uasset" to "../../../../../../Users/gerardo/Documents/GitHub/UnrealMenu/UnrealMenu/Content/StarterContent/Shapes/Shape_Pipe.uasset"
[2016.10.18-01.45.26:515][  0]LogPackFactory: Copied "../../../Samples/StarterContent/Content/StarterContent/Shapes/Shape_Pipe_180.uasset" to "../../../../../../Users/gerardo/Documents/GitHub/UnrealMenu/UnrealMenu/Content/StarterContent/Shapes/Shape_Pipe_180.uasset"
[2016.10.18-01.45.26:613][  0]LogPackFactory: Copied "../../../Samples/StarterContent/Content/StarterContent/Shapes/Shape_Pipe_90.uasset" to "../../../../../../Users/gerardo/Documents/GitHub/UnrealMenu/UnrealMenu/Content/StarterContent/Shapes/Shape_Pipe_90.uasset"
[2016.10.18-01.45.26:645][  0]LogPackFactory: Copied "../../../Samples/StarterContent/Content/StarterContent/Shapes/Shape_Plane.uasset" to "../../../../../../Users/gerardo/Documents/GitHub/UnrealMenu/UnrealMenu/Content/StarterContent/Shapes/Shape_Plane.uasset"
[2016.10.18-01.45.26:697][  0]LogPackFactory: Copied "../../../Samples/StarterContent/Content/StarterContent/Shapes/Shape_QuadPyramid.uasset" to "../../../../../../Users/gerardo/Documents/GitHub/UnrealMenu/UnrealMenu/Content/StarterContent/Shapes/Shape_QuadPyramid.uasset"
[2016.10.18-01.45.26:765][  0]LogPackFactory: Copied "../../../Samples/StarterContent/Content/StarterContent/Shapes/Shape_Sphere.uasset" to "../../../../../../Users/gerardo/Documents/GitHub/UnrealMenu/UnrealMenu/Content/StarterContent/Shapes/Shape_Sphere.uasset"
[2016.10.18-01.45.26:859][  0]LogPackFactory: Copied "../../../Samples/StarterContent/Content/StarterContent/Shapes/Shape_Torus.uasset" to "../../../../../../Users/gerardo/Documents/GitHub/UnrealMenu/UnrealMenu/Content/StarterContent/Shapes/Shape_Torus.uasset"
[2016.10.18-01.45.26:882][  0]LogPackFactory: Copied "../../../Samples/StarterContent/Content/StarterContent/Shapes/Shape_Trim.uasset" to "../../../../../../Users/gerardo/Documents/GitHub/UnrealMenu/UnrealMenu/Content/StarterContent/Shapes/Shape_Trim.uasset"
[2016.10.18-01.45.26:912][  0]LogPackFactory: Copied "../../../Samples/StarterContent/Content/StarterContent/Shapes/Shape_Trim_90_In.uasset" to "../../../../../../Users/gerardo/Documents/GitHub/UnrealMenu/UnrealMenu/Content/StarterContent/Shapes/Shape_Trim_90_In.uasset"
[2016.10.18-01.45.26:932][  0]LogPackFactory: Copied "../../../Samples/StarterContent/Content/StarterContent/Shapes/Shape_Trim_90_Out.uasset" to "../../../../../../Users/gerardo/Documents/GitHub/UnrealMenu/UnrealMenu/Content/StarterContent/Shapes/Shape_Trim_90_Out.uasset"
[2016.10.18-01.45.26:983][  0]LogPackFactory: Copied "../../../Samples/StarterContent/Content/StarterContent/Shapes/Shape_TriPyramid.uasset" to "../../../../../../Users/gerardo/Documents/GitHub/UnrealMenu/UnrealMenu/Content/StarterContent/Shapes/Shape_TriPyramid.uasset"
[2016.10.18-01.45.27:023][  0]LogPackFactory: Copied "../../../Samples/StarterContent/Content/StarterContent/Shapes/Shape_Tube.uasset" to "../../../../../../Users/gerardo/Documents/GitHub/UnrealMenu/UnrealMenu/Content/StarterContent/Shapes/Shape_Tube.uasset"
[2016.10.18-01.45.27:085][  0]LogPackFactory: Copied "../../../Samples/StarterContent/Content/StarterContent/Shapes/Shape_Wedge_A.uasset" to "../../../../../../Users/gerardo/Documents/GitHub/UnrealMenu/UnrealMenu/Content/StarterContent/Shapes/Shape_Wedge_A.uasset"
[2016.10.18-01.45.27:138][  0]LogPackFactory: Copied "../../../Samples/StarterContent/Content/StarterContent/Shapes/Shape_Wedge_B.uasset" to "../../../../../../Users/gerardo/Documents/GitHub/UnrealMenu/UnrealMenu/Content/StarterContent/Shapes/Shape_Wedge_B.uasset"
[2016.10.18-01.45.27:178][  0]LogPackFactory: Copied "../../../Samples/StarterContent/Content/StarterContent/Shapes/Shape_WideCapsule.uasset" to "../../../../../../Users/gerardo/Documents/GitHub/UnrealMenu/UnrealMenu/Content/StarterContent/Shapes/Shape_WideCapsule.uasset"
[2016.10.18-01.45.31:241][  0]LogPackFactory: Copied "../../../Samples/StarterContent/Content/StarterContent/Textures/T_Brick_Clay_Beveled_D.uasset" to "../../../../../../Users/gerardo/Documents/GitHub/UnrealMenu/UnrealMenu/Content/StarterContent/Textures/T_Brick_Clay_Beveled_D.uasset"
[2016.10.18-01.45.33:698][  0]LogPackFactory: Copied "../../../Samples/StarterContent/Content/StarterContent/Textures/T_Brick_Clay_Beveled_M.uasset" to "../../../../../../Users/gerardo/Documents/GitHub/UnrealMenu/UnrealMenu/Content/StarterContent/Textures/T_Brick_Clay_Beveled_M.uasset"
[2016.10.18-01.45.36:228][  0]LogPackFactory: Copied "../../../Samples/StarterContent/Content/StarterContent/Textures/T_Brick_Clay_Beveled_N.uasset" to "../../../../../../Users/gerardo/Documents/GitHub/UnrealMenu/UnrealMenu/Content/StarterContent/Textures/T_Brick_Clay_Beveled_N.uasset"
[2016.10.18-01.45.37:979][  0]LogPackFactory: Copied "../../../Samples/StarterContent/Content/StarterContent/Textures/T_Brick_Clay_New_D.uasset" to "../../../../../../Users/gerardo/Documents/GitHub/UnrealMenu/UnrealMenu/Content/StarterContent/Textures/T_Brick_Clay_New_D.uasset"
[2016.10.18-01.45.41:275][  0]LogPackFactory: Copied "../../../Samples/StarterContent/Content/StarterContent/Textures/T_Brick_Clay_New_M.uasset" to "../../../../../../Users/gerardo/Documents/GitHub/UnrealMenu/UnrealMenu/Content/StarterContent/Textures/T_Brick_Clay_New_M.uasset"
[2016.10.18-01.45.43:278][  0]LogPackFactory: Copied "../../../Samples/StarterContent/Content/StarterContent/Textures/T_Brick_Clay_New_N.uasset" to "../../../../../../Users/gerardo/Documents/GitHub/UnrealMenu/UnrealMenu/Content/StarterContent/Textures/T_Brick_Clay_New_N.uasset"
[2016.10.18-01.45.47:558][  0]LogPackFactory: Copied "../../../Samples/StarterContent/Content/StarterContent/Textures/T_Brick_Clay_Old_D.uasset" to "../../../../../../Users/gerardo/Documents/GitHub/UnrealMenu/UnrealMenu/Content/StarterContent/Textures/T_Brick_Clay_Old_D.uasset"
[2016.10.18-01.45.49:004][  0]LogPackFactory: Copied "../../../Samples/StarterContent/Content/StarterContent/Textures/T_Brick_Clay_Old_N.uasset" to "../../../../../../Users/gerardo/Documents/GitHub/UnrealMenu/UnrealMenu/Content/StarterContent/Textures/T_Brick_Clay_Old_N.uasset"
[2016.10.18-01.45.51:877][  0]LogPackFactory: Copied "../../../Samples/StarterContent/Content/StarterContent/Textures/T_Brick_Cut_Stone_D.uasset" to "../../../../../../Users/gerardo/Documents/GitHub/UnrealMenu/UnrealMenu/Content/StarterContent/Textures/T_Brick_Cut_Stone_D.uasset"
[2016.10.18-01.45.53:987][  0]LogPackFactory: Copied "../../../Samples/StarterContent/Content/StarterContent/Textures/T_Brick_Cut_Stone_N.uasset" to "../../../../../../Users/gerardo/Documents/GitHub/UnrealMenu/UnrealMenu/Content/StarterContent/Textures/T_Brick_Cut_Stone_N.uasset"
[2016.10.18-01.45.55:716][  0]LogPackFactory: Copied "../../../Samples/StarterContent/Content/StarterContent/Textures/T_Brick_Hewn_Stone_D.uasset" to "../../../../../../Users/gerardo/Documents/GitHub/UnrealMenu/UnrealMenu/Content/StarterContent/Textures/T_Brick_Hewn_Stone_D.uasset"
[2016.10.18-01.45.58:086][  0]LogPackFactory: Copied "../../../Samples/StarterContent/Content/StarterContent/Textures/T_Brick_Hewn_Stone_M.uasset" to "../../../../../../Users/gerardo/Documents/GitHub/UnrealMenu/UnrealMenu/Content/StarterContent/Textures/T_Brick_Hewn_Stone_M.uasset"
[2016.10.18-01.45.59:995][  0]LogPackFactory: Copied "../../../Samples/StarterContent/Content/StarterContent/Textures/T_Brick_Hewn_Stone_N.uasset" to "../../../../../../Users/gerardo/Documents/GitHub/UnrealMenu/UnrealMenu/Content/StarterContent/Textures/T_Brick_Hewn_Stone_N.uasset"
[2016.10.18-01.46.00:021][  0]LogPackFactory: Copied "../../../Samples/StarterContent/Content/StarterContent/Textures/T_Burst_M.uasset" to "../../../../../../Users/gerardo/Documents/GitHub/UnrealMenu/UnrealMenu/Content/StarterContent/Textures/T_Burst_M.uasset"
[2016.10.18-01.46.00:157][  0]LogPackFactory: Copied "../../../Samples/StarterContent/Content/StarterContent/Textures/T_Bush_D.uasset" to "../../../../../../Users/gerardo/Documents/GitHub/UnrealMenu/UnrealMenu/Content/StarterContent/Textures/T_Bush_D.uasset"
[2016.10.18-01.46.00:388][  0]LogPackFactory: Copied "../../../Samples/StarterContent/Content/StarterContent/Textures/T_Bush_N.uasset" to "../../../../../../Users/gerardo/Documents/GitHub/UnrealMenu/UnrealMenu/Content/StarterContent/Textures/T_Bush_N.uasset"
[2016.10.18-01.46.00:488][  0]LogPackFactory: Copied "../../../Samples/StarterContent/Content/StarterContent/Textures/T_Ceramic_Tile_M.uasset" to "../../../../../../Users/gerardo/Documents/GitHub/UnrealMenu/UnrealMenu/Content/StarterContent/Textures/T_Ceramic_Tile_M.uasset"
[2016.10.18-01.46.00:581][  0]LogPackFactory: Copied "../../../Samples/StarterContent/Content/StarterContent/Textures/T_Ceramic_Tile_N.uasset" to "../../../../../../Users/gerardo/Documents/GitHub/UnrealMenu/UnrealMenu/Content/StarterContent/Textures/T_Ceramic_Tile_N.uasset"
[2016.10.18-01.46.00:723][  0]LogPackFactory: Copied "../../../Samples/StarterContent/Content/StarterContent/Textures/T_Chair_M.uasset" to "../../../../../../Users/gerardo/Documents/GitHub/UnrealMenu/UnrealMenu/Content/StarterContent/Textures/T_Chair_M.uasset"
[2016.10.18-01.46.01:105][  0]LogPackFactory: Copied "../../../Samples/StarterContent/Content/StarterContent/Textures/T_Chair_N.uasset" to "../../../../../../Users/gerardo/Documents/GitHub/UnrealMenu/UnrealMenu/Content/StarterContent/Textures/T_Chair_N.uasset"
[2016.10.18-01.46.01:145][  0]LogPackFactory: Copied "../../../Samples/StarterContent/Content/StarterContent/Textures/T_Checker_Noise_M.uasset" to "../../../../../../Users/gerardo/Documents/GitHub/UnrealMenu/UnrealMenu/Content/StarterContent/Textures/T_Checker_Noise_M.uasset"
[2016.10.18-01.46.03:625][  0]LogPackFactory: Copied "../../../Samples/StarterContent/Content/StarterContent/Textures/T_CobbleStone_Pebble_D.uasset" to "../../../../../../Users/gerardo/Documents/GitHub/UnrealMenu/UnrealMenu/Content/StarterContent/Textures/T_CobbleStone_Pebble_D.uasset"
[2016.10.18-01.46.03:866][  0]LogPackFactory: Copied "../../../Samples/StarterContent/Content/StarterContent/Textures/T_CobbleStone_Pebble_M.uasset" to "../../../../../../Users/gerardo/Documents/GitHub/UnrealMenu/UnrealMenu/Content/StarterContent/Textures/T_CobbleStone_Pebble_M.uasset"
[2016.10.18-01.46.07:461][  0]LogPackFactory: Copied "../../../Samples/StarterContent/Content/StarterContent/Textures/T_CobbleStone_Pebble_N.uasset" to "../../../../../../Users/gerardo/Documents/GitHub/UnrealMenu/UnrealMenu/Content/StarterContent/Textures/T_CobbleStone_Pebble_N.uasset"
[2016.10.18-01.46.07:992][  0]LogPackFactory: Copied "../../../Samples/StarterContent/Content/StarterContent/Textures/T_CobbleStone_Rough_D.uasset" to "../../../../../../Users/gerardo/Documents/GitHub/UnrealMenu/UnrealMenu/Content/StarterContent/Textures/T_CobbleStone_Rough_D.uasset"
[2016.10.18-01.46.08:023][  0]LogPackFactory: Copied "../../../Samples/StarterContent/Content/StarterContent/Textures/T_CobbleStone_Rough_N.uasset" to "../../../../../../Users/gerardo/Documents/GitHub/UnrealMenu/UnrealMenu/Content/StarterContent/Textures/T_CobbleStone_Rough_N.uasset"
[2016.10.18-01.46.08:109][  0]LogPackFactory: Copied "../../../Samples/StarterContent/Content/StarterContent/Textures/T_CobbleStone_Smooth_D.uasset" to "../../../../../../Users/gerardo/Documents/GitHub/UnrealMenu/UnrealMenu/Content/StarterContent/Textures/T_CobbleStone_Smooth_D.uasset"
[2016.10.18-01.46.08:205][  0]LogPackFactory: Copied "../../../Samples/StarterContent/Content/StarterContent/Textures/T_CobbleStone_Smooth_M.uasset" to "../../../../../../Users/gerardo/Documents/GitHub/UnrealMenu/UnrealMenu/Content/StarterContent/Textures/T_CobbleStone_Smooth_M.uasset"
[2016.10.18-01.46.08:365][  0]LogPackFactory: Copied "../../../Samples/StarterContent/Content/StarterContent/Textures/T_CobbleStone_Smooth_N.uasset" to "../../../../../../Users/gerardo/Documents/GitHub/UnrealMenu/UnrealMenu/Content/StarterContent/Textures/T_CobbleStone_Smooth_N.uasset"
[2016.10.18-01.46.08:445][  0]LogPackFactory: Copied "../../../Samples/StarterContent/Content/StarterContent/Textures/T_Concrete_Grime_D.uasset" to "../../../../../../Users/gerardo/Documents/GitHub/UnrealMenu/UnrealMenu/Content/StarterContent/Textures/T_Concrete_Grime_D.uasset"
[2016.10.18-01.46.08:518][  0]LogPackFactory: Copied "../../../Samples/StarterContent/Content/StarterContent/Textures/T_Concrete_Panels_D.uasset" to "../../../../../../Users/gerardo/Documents/GitHub/UnrealMenu/UnrealMenu/Content/StarterContent/Textures/T_Concrete_Panels_D.uasset"
[2016.10.18-01.46.08:605][  0]LogPackFactory: Copied "../../../Samples/StarterContent/Content/StarterContent/Textures/T_Concrete_Panels_N.uasset" to "../../../../../../Users/gerardo/Documents/GitHub/UnrealMenu/UnrealMenu/Content/StarterContent/Textures/T_Concrete_Panels_N.uasset"
[2016.10.18-01.46.08:719][  0]LogPackFactory: Copied "../../../Samples/StarterContent/Content/StarterContent/Textures/T_Concrete_Poured_D.uasset" to "../../../../../../Users/gerardo/Documents/GitHub/UnrealMenu/UnrealMenu/Content/StarterContent/Textures/T_Concrete_Poured_D.uasset"
[2016.10.18-01.46.08:820][  0]LogPackFactory: Copied "../../../Samples/StarterContent/Content/StarterContent/Textures/T_Concrete_Poured_N.uasset" to "../../../../../../Users/gerardo/Documents/GitHub/UnrealMenu/UnrealMenu/Content/StarterContent/Textures/T_Concrete_Poured_N.uasset"
[2016.10.18-01.46.08:876][  0]LogPackFactory: Copied "../../../Samples/StarterContent/Content/StarterContent/Textures/T_Concrete_Tiles_D.uasset" to "../../../../../../Users/gerardo/Documents/GitHub/UnrealMenu/UnrealMenu/Content/StarterContent/Textures/T_Concrete_Tiles_D.uasset"
[2016.10.18-01.46.08:942][  0]LogPackFactory: Copied "../../../Samples/StarterContent/Content/StarterContent/Textures/T_Concrete_Tiles_M.uasset" to "../../../../../../Users/gerardo/Documents/GitHub/UnrealMenu/UnrealMenu/Content/StarterContent/Textures/T_Concrete_Tiles_M.uasset"
[2016.10.18-01.46.09:020][  0]LogPackFactory: Copied "../../../Samples/StarterContent/Content/StarterContent/Textures/T_Concrete_Tiles_N.uasset" to "../../../../../../Users/gerardo/Documents/GitHub/UnrealMenu/UnrealMenu/Content/StarterContent/Textures/T_Concrete_Tiles_N.uasset"
[2016.10.18-01.46.09:047][  0]LogPackFactory: Copied "../../../Samples/StarterContent/Content/StarterContent/Textures/T_Concrete_Tiles_Variation_M.uasset" to "../../../../../../Users/gerardo/Documents/GitHub/UnrealMenu/UnrealMenu/Content/StarterContent/Textures/T_Concrete_Tiles_Variation_M.uasset"
[2016.10.18-01.46.09:083][  0]LogPackFactory: Copied "../../../Samples/StarterContent/Content/StarterContent/Textures/T_Detail_Rocky_N.uasset" to "../../../../../../Users/gerardo/Documents/GitHub/UnrealMenu/UnrealMenu/Content/StarterContent/Textures/T_Detail_Rocky_N.uasset"
[2016.10.18-01.46.09:105][  0]LogPackFactory: Copied "../../../Samples/StarterContent/Content/StarterContent/Textures/T_Door_M.uasset" to "../../../../../../Users/gerardo/Documents/GitHub/UnrealMenu/UnrealMenu/Content/StarterContent/Textures/T_Door_M.uasset"
[2016.10.18-01.46.09:127][  0]LogPackFactory: Copied "../../../Samples/StarterContent/Content/StarterContent/Textures/T_Door_N.uasset" to "../../../../../../Users/gerardo/Documents/GitHub/UnrealMenu/UnrealMenu/Content/StarterContent/Textures/T_Door_N.uasset"
[2016.10.18-01.46.09:147][  0]LogPackFactory: Copied "../../../Samples/StarterContent/Content/StarterContent/Textures/T_Dust_Particle_D.uasset" to "../../../../../../Users/gerardo/Documents/GitHub/UnrealMenu/UnrealMenu/Content/StarterContent/Textures/T_Dust_Particle_D.uasset"
[2016.10.18-01.46.09:186][  0]LogPackFactory: Copied "../../../Samples/StarterContent/Content/StarterContent/Textures/T_Explosion_SubUV.uasset" to "../../../../../../Users/gerardo/Documents/GitHub/UnrealMenu/UnrealMenu/Content/StarterContent/Textures/T_Explosion_SubUV.uasset"
[2016.10.18-01.46.09:214][  0]LogPackFactory: Copied "../../../Samples/StarterContent/Content/StarterContent/Textures/T_Fire_SubUV.uasset" to "../../../../../../Users/gerardo/Documents/GitHub/UnrealMenu/UnrealMenu/Content/StarterContent/Textures/T_Fire_SubUV.uasset"
[2016.10.18-01.46.09:246][  0]LogPackFactory: Copied "../../../Samples/StarterContent/Content/StarterContent/Textures/T_Fire_Tiled_D.uasset" to "../../../../../../Users/gerardo/Documents/GitHub/UnrealMenu/UnrealMenu/Content/StarterContent/Textures/T_Fire_Tiled_D.uasset"
[2016.10.18-01.46.09:632][  0]LogPackFactory: Copied "../../../Samples/StarterContent/Content/StarterContent/Textures/T_Frame_M.uasset" to "../../../../../../Users/gerardo/Documents/GitHub/UnrealMenu/UnrealMenu/Content/StarterContent/Textures/T_Frame_M.uasset"
[2016.10.18-01.46.09:981][  0]LogPackFactory: Copied "../../../Samples/StarterContent/Content/StarterContent/Textures/T_Frame_N.uasset" to "../../../../../../Users/gerardo/Documents/GitHub/UnrealMenu/UnrealMenu/Content/StarterContent/Textures/T_Frame_N.uasset"
[2016.10.18-01.46.09:996][  0]LogPackFactory: Copied "../../../Samples/StarterContent/Content/StarterContent/Textures/T_Gradinet_01.uasset" to "../../../../../../Users/gerardo/Documents/GitHub/UnrealMenu/UnrealMenu/Content/StarterContent/Textures/T_Gradinet_01.uasset"
[2016.10.18-01.46.10:077][  0]LogPackFactory: Copied "../../../Samples/StarterContent/Content/StarterContent/Textures/T_Ground_Grass_D.uasset" to "../../../../../../Users/gerardo/Documents/GitHub/UnrealMenu/UnrealMenu/Content/StarterContent/Textures/T_Ground_Grass_D.uasset"
[2016.10.18-01.46.10:156][  0]LogPackFactory: Copied "../../../Samples/StarterContent/Content/StarterContent/Textures/T_Ground_Grass_N.uasset" to "../../../../../../Users/gerardo/Documents/GitHub/UnrealMenu/UnrealMenu/Content/StarterContent/Textures/T_Ground_Grass_N.uasset"
[2016.10.18-01.46.10:815][  0]LogPackFactory: Copied "../../../Samples/StarterContent/Content/StarterContent/Textures/T_Ground_Gravel_D.uasset" to "../../../../../../Users/gerardo/Documents/GitHub/UnrealMenu/UnrealMenu/Content/StarterContent/Textures/T_Ground_Gravel_D.uasset"
[2016.10.18-01.46.10:884][  0]LogPackFactory: Copied "../../../Samples/StarterContent/Content/StarterContent/Textures/T_Ground_Gravel_N.uasset" to "../../../../../../Users/gerardo/Documents/GitHub/UnrealMenu/UnrealMenu/Content/StarterContent/Textures/T_Ground_Gravel_N.uasset"
[2016.10.18-01.46.10:975][  0]LogPackFactory: Copied "../../../Samples/StarterContent/Content/StarterContent/Textures/T_ground_Moss_D.uasset" to "../../../../../../Users/gerardo/Documents/GitHub/UnrealMenu/UnrealMenu/Content/StarterContent/Textures/T_ground_Moss_D.uasset"
[2016.10.18-01.46.11:040][  0]LogPackFactory: Copied "../../../Samples/StarterContent/Content/StarterContent/Textures/T_Ground_Moss_N.uasset" to "../../../../../../Users/gerardo/Documents/GitHub/UnrealMenu/UnrealMenu/Content/StarterContent/Textures/T_Ground_Moss_N.uasset"
[2016.10.18-01.46.11:088][  0]LogPackFactory: Copied "../../../Samples/StarterContent/Content/StarterContent/Textures/T_Lamp_M.uasset" to "../../../../../../Users/gerardo/Documents/GitHub/UnrealMenu/UnrealMenu/Content/StarterContent/Textures/T_Lamp_M.uasset"
[2016.10.18-01.46.11:124][  0]LogPackFactory: Copied "../../../Samples/StarterContent/Content/StarterContent/Textures/T_Lamp_N.uasset" to "../../../../../../Users/gerardo/Documents/GitHub/UnrealMenu/UnrealMenu/Content/StarterContent/Textures/T_Lamp_N.uasset"
[2016.10.18-01.46.11:196][  0]LogPackFactory: Copied "../../../Samples/StarterContent/Content/StarterContent/Textures/T_MacroVariation.uasset" to "../../../../../../Users/gerardo/Documents/GitHub/UnrealMenu/UnrealMenu/Content/StarterContent/Textures/T_MacroVariation.uasset"
[2016.10.18-01.46.11:313][  0]LogPackFactory: Copied "../../../Samples/StarterContent/Content/StarterContent/Textures/T_Metal_Aluminum_D.uasset" to "../../../../../../Users/gerardo/Documents/GitHub/UnrealMenu/UnrealMenu/Content/StarterContent/Textures/T_Metal_Aluminum_D.uasset"
[2016.10.18-01.46.11:394][  0]LogPackFactory: Copied "../../../Samples/StarterContent/Content/StarterContent/Textures/T_Metal_Copper_D.uasset" to "../../../../../../Users/gerardo/Documents/GitHub/UnrealMenu/UnrealMenu/Content/StarterContent/Textures/T_Metal_Copper_D.uasset"
[2016.10.18-01.46.11:454][  0]LogPackFactory: Copied "../../../Samples/StarterContent/Content/StarterContent/Textures/T_Metal_Gold_D.uasset" to "../../../../../../Users/gerardo/Documents/GitHub/UnrealMenu/UnrealMenu/Content/StarterContent/Textures/T_Metal_Gold_D.uasset"
[2016.10.18-01.46.11:491][  0]LogPackFactory: Copied "../../../Samples/StarterContent/Content/StarterContent/Textures/T_Metal_Gold_N.uasset" to "../../../../../../Users/gerardo/Documents/GitHub/UnrealMenu/UnrealMenu/Content/StarterContent/Textures/T_Metal_Gold_N.uasset"
[2016.10.18-01.46.11:566][  0]LogPackFactory: Copied "../../../Samples/StarterContent/Content/StarterContent/Textures/T_Metal_Rust_D.uasset" to "../../../../../../Users/gerardo/Documents/GitHub/UnrealMenu/UnrealMenu/Content/StarterContent/Textures/T_Metal_Rust_D.uasset"
[2016.10.18-01.46.11:621][  0]LogPackFactory: Copied "../../../Samples/StarterContent/Content/StarterContent/Textures/T_Metal_Rust_N.uasset" to "../../../../../../Users/gerardo/Documents/GitHub/UnrealMenu/UnrealMenu/Content/StarterContent/Textures/T_Metal_Rust_N.uasset"
[2016.10.18-01.46.11:660][  0]LogPackFactory: Copied "../../../Samples/StarterContent/Content/StarterContent/Textures/T_Metal_Steel_D.uasset" to "../../../../../../Users/gerardo/Documents/GitHub/UnrealMenu/UnrealMenu/Content/StarterContent/Textures/T_Metal_Steel_D.uasset"
[2016.10.18-01.46.11:700][  0]LogPackFactory: Copied "../../../Samples/StarterContent/Content/StarterContent/Textures/T_Metal_Steel_N.uasset" to "../../../../../../Users/gerardo/Documents/GitHub/UnrealMenu/UnrealMenu/Content/StarterContent/Textures/T_Metal_Steel_N.uasset"
[2016.10.18-01.46.11:879][  0]LogPackFactory: Copied "../../../Samples/StarterContent/Content/StarterContent/Textures/T_Perlin_Noise_M.uasset" to "../../../../../../Users/gerardo/Documents/GitHub/UnrealMenu/UnrealMenu/Content/StarterContent/Textures/T_Perlin_Noise_M.uasset"
[2016.10.18-01.46.11:938][  0]LogPackFactory: Copied "../../../Samples/StarterContent/Content/StarterContent/Textures/T_RockMesh_M.uasset" to "../../../../../../Users/gerardo/Documents/GitHub/UnrealMenu/UnrealMenu/Content/StarterContent/Textures/T_RockMesh_M.uasset"
[2016.10.18-01.46.11:991][  0]LogPackFactory: Copied "../../../Samples/StarterContent/Content/StarterContent/Textures/T_RockMesh_N.uasset" to "../../../../../../Users/gerardo/Documents/GitHub/UnrealMenu/UnrealMenu/Content/StarterContent/Textures/T_RockMesh_N.uasset"
[2016.10.18-01.46.12:058][  0]LogPackFactory: Copied "../../../Samples/StarterContent/Content/StarterContent/Textures/T_Rock_Basalt_D.uasset" to "../../../../../../Users/gerardo/Documents/GitHub/UnrealMenu/UnrealMenu/Content/StarterContent/Textures/T_Rock_Basalt_D.uasset"
[2016.10.18-01.46.12:116][  0]LogPackFactory: Copied "../../../Samples/StarterContent/Content/StarterContent/Textures/T_Rock_Basalt_N.uasset" to "../../../../../../Users/gerardo/Documents/GitHub/UnrealMenu/UnrealMenu/Content/StarterContent/Textures/T_Rock_Basalt_N.uasset"
[2016.10.18-01.46.12:164][  0]LogPackFactory: Copied "../../../Samples/StarterContent/Content/StarterContent/Textures/T_Rock_Marble_Polished_D.uasset" to "../../../../../../Users/gerardo/Documents/GitHub/UnrealMenu/UnrealMenu/Content/StarterContent/Textures/T_Rock_Marble_Polished_D.uasset"
[2016.10.18-01.46.13:379][  0]LogPackFactory: Copied "../../../Samples/StarterContent/Content/StarterContent/Textures/T_Rock_Sandstone_D.uasset" to "../../../../../../Users/gerardo/Documents/GitHub/UnrealMenu/UnrealMenu/Content/StarterContent/Textures/T_Rock_Sandstone_D.uasset"
[2016.10.18-01.46.13:491][  0]LogPackFactory: Copied "../../../Samples/StarterContent/Content/StarterContent/Textures/T_Rock_Sandstone_N.uasset" to "../../../../../../Users/gerardo/Documents/GitHub/UnrealMenu/UnrealMenu/Content/StarterContent/Textures/T_Rock_Sandstone_N.uasset"
[2016.10.18-01.46.13:571][  0]LogPackFactory: Copied "../../../Samples/StarterContent/Content/StarterContent/Textures/T_Rock_Slate_D.uasset" to "../../../../../../Users/gerardo/Documents/GitHub/UnrealMenu/UnrealMenu/Content/StarterContent/Textures/T_Rock_Slate_D.uasset"
[2016.10.18-01.46.13:643][  0]LogPackFactory: Copied "../../../Samples/StarterContent/Content/StarterContent/Textures/T_Rock_Slate_N.uasset" to "../../../../../../Users/gerardo/Documents/GitHub/UnrealMenu/UnrealMenu/Content/StarterContent/Textures/T_Rock_Slate_N.uasset"
[2016.10.18-01.46.13:821][  0]LogPackFactory: Copied "../../../Samples/StarterContent/Content/StarterContent/Textures/T_Rock_Smooth_Granite_D.uasset" to "../../../../../../Users/gerardo/Documents/GitHub/UnrealMenu/UnrealMenu/Content/StarterContent/Textures/T_Rock_Smooth_Granite_D.uasset"
[2016.10.18-01.46.13:863][  0]LogPackFactory: Copied "../../../Samples/StarterContent/Content/StarterContent/Textures/T_Shelf_M.uasset" to "../../../../../../Users/gerardo/Documents/GitHub/UnrealMenu/UnrealMenu/Content/StarterContent/Textures/T_Shelf_M.uasset"
[2016.10.18-01.46.14:389][  0]LogPackFactory: Copied "../../../Samples/StarterContent/Content/StarterContent/Textures/T_Shelf_N.uasset" to "../../../../../../Users/gerardo/Documents/GitHub/UnrealMenu/UnrealMenu/Content/StarterContent/Textures/T_Shelf_N.uasset"
[2016.10.18-01.46.14:430][  0]LogPackFactory: Copied "../../../Samples/StarterContent/Content/StarterContent/Textures/T_Single_Tile_N.uasset" to "../../../../../../Users/gerardo/Documents/GitHub/UnrealMenu/UnrealMenu/Content/StarterContent/Textures/T_Single_Tile_N.uasset"
[2016.10.18-01.46.14:465][  0]LogPackFactory: Copied "../../../Samples/StarterContent/Content/StarterContent/Textures/T_Smoke_SubUV.uasset" to "../../../../../../Users/gerardo/Documents/GitHub/UnrealMenu/UnrealMenu/Content/StarterContent/Textures/T_Smoke_SubUV.uasset"
[2016.10.18-01.46.14:485][  0]LogPackFactory: Copied "../../../Samples/StarterContent/Content/StarterContent/Textures/T_Smoke_Tiled_D.uasset" to "../../../../../../Users/gerardo/Documents/GitHub/UnrealMenu/UnrealMenu/Content/StarterContent/Textures/T_Smoke_Tiled_D.uasset"
[2016.10.18-01.46.14:525][  0]LogPackFactory: Copied "../../../Samples/StarterContent/Content/StarterContent/Textures/T_Spark_Core.uasset" to "../../../../../../Users/gerardo/Documents/GitHub/UnrealMenu/UnrealMenu/Content/StarterContent/Textures/T_Spark_Core.uasset"
[2016.10.18-01.46.14:554][  0]LogPackFactory: Copied "../../../Samples/StarterContent/Content/StarterContent/Textures/T_Statue_M.uasset" to "../../../../../../Users/gerardo/Documents/GitHub/UnrealMenu/UnrealMenu/Content/StarterContent/Textures/T_Statue_M.uasset"
[2016.10.18-01.46.14:581][  0]LogPackFactory: Copied "../../../Samples/StarterContent/Content/StarterContent/Textures/T_Statue_N.uasset" to "../../../../../../Users/gerardo/Documents/GitHub/UnrealMenu/UnrealMenu/Content/StarterContent/Textures/T_Statue_N.uasset"
[2016.10.18-01.46.14:605][  0]LogPackFactory: Copied "../../../Samples/StarterContent/Content/StarterContent/Textures/T_TableRound_M.uasset" to "../../../../../../Users/gerardo/Documents/GitHub/UnrealMenu/UnrealMenu/Content/StarterContent/Textures/T_TableRound_M.uasset"
[2016.10.18-01.46.14:631][  0]LogPackFactory: Copied "../../../Samples/StarterContent/Content/StarterContent/Textures/T_TableRound_N.uasset" to "../../../../../../Users/gerardo/Documents/GitHub/UnrealMenu/UnrealMenu/Content/StarterContent/Textures/T_TableRound_N.uasset"
[2016.10.18-01.46.14:648][  0]LogPackFactory: Copied "../../../Samples/StarterContent/Content/StarterContent/Textures/T_Tech_Dot_M.uasset" to "../../../../../../Users/gerardo/Documents/GitHub/UnrealMenu/UnrealMenu/Content/StarterContent/Textures/T_Tech_Dot_M.uasset"
[2016.10.18-01.46.14:661][  0]LogPackFactory: Copied "../../../Samples/StarterContent/Content/StarterContent/Textures/T_Tech_Dot_N.uasset" to "../../../../../../Users/gerardo/Documents/GitHub/UnrealMenu/UnrealMenu/Content/StarterContent/Textures/T_Tech_Dot_N.uasset"
[2016.10.18-01.46.14:673][  0]LogPackFactory: Copied "../../../Samples/StarterContent/Content/StarterContent/Textures/T_Tech_Hex_Tile_M.uasset" to "../../../../../../Users/gerardo/Documents/GitHub/UnrealMenu/UnrealMenu/Content/StarterContent/Textures/T_Tech_Hex_Tile_M.uasset"
[2016.10.18-01.46.14:693][  0]LogPackFactory: Copied "../../../Samples/StarterContent/Content/StarterContent/Textures/T_Tech_Hex_Tile_N.uasset" to "../../../../../../Users/gerardo/Documents/GitHub/UnrealMenu/UnrealMenu/Content/StarterContent/Textures/T_Tech_Hex_Tile_N.uasset"
[2016.10.18-01.46.14:718][  0]LogPackFactory: Copied "../../../Samples/StarterContent/Content/StarterContent/Textures/T_Tech_Panel_M.uasset" to "../../../../../../Users/gerardo/Documents/GitHub/UnrealMenu/UnrealMenu/Content/StarterContent/Textures/T_Tech_Panel_M.uasset"
[2016.10.18-01.46.14:761][  0]LogPackFactory: Copied "../../../Samples/StarterContent/Content/StarterContent/Textures/T_Tech_Panel_N.uasset" to "../../../../../../Users/gerardo/Documents/GitHub/UnrealMenu/UnrealMenu/Content/StarterContent/Textures/T_Tech_Panel_N.uasset"
[2016.10.18-01.46.14:793][  0]LogPackFactory: Copied "../../../Samples/StarterContent/Content/StarterContent/Textures/T_Water_M.uasset" to "../../../../../../Users/gerardo/Documents/GitHub/UnrealMenu/UnrealMenu/Content/StarterContent/Textures/T_Water_M.uasset"
[2016.10.18-01.46.14:818][  0]LogPackFactory: Copied "../../../Samples/StarterContent/Content/StarterContent/Textures/T_Water_N.uasset" to "../../../../../../Users/gerardo/Documents/GitHub/UnrealMenu/UnrealMenu/Content/StarterContent/Textures/T_Water_N.uasset"
[2016.10.18-01.46.14:852][  0]LogPackFactory: Copied "../../../Samples/StarterContent/Content/StarterContent/Textures/T_Wood_Floor_Walnut_D.uasset" to "../../../../../../Users/gerardo/Documents/GitHub/UnrealMenu/UnrealMenu/Content/StarterContent/Textures/T_Wood_Floor_Walnut_D.uasset"
[2016.10.18-01.46.14:891][  0]LogPackFactory: Copied "../../../Samples/StarterContent/Content/StarterContent/Textures/T_Wood_Floor_Walnut_M.uasset" to "../../../../../../Users/gerardo/Documents/GitHub/UnrealMenu/UnrealMenu/Content/StarterContent/Textures/T_Wood_Floor_Walnut_M.uasset"
[2016.10.18-01.46.14:920][  0]LogPackFactory: Copied "../../../Samples/StarterContent/Content/StarterContent/Textures/T_Wood_Floor_Walnut_N.uasset" to "../../../../../../Users/gerardo/Documents/GitHub/UnrealMenu/UnrealMenu/Content/StarterContent/Textures/T_Wood_Floor_Walnut_N.uasset"
[2016.10.18-01.46.14:977][  0]LogPackFactory: Copied "../../../Samples/StarterContent/Content/StarterContent/Textures/T_Wood_Oak_D.uasset" to "../../../../../../Users/gerardo/Documents/GitHub/UnrealMenu/UnrealMenu/Content/StarterContent/Textures/T_Wood_Oak_D.uasset"
[2016.10.18-01.46.15:033][  0]LogPackFactory: Copied "../../../Samples/StarterContent/Content/StarterContent/Textures/T_Wood_Oak_N.uasset" to "../../../../../../Users/gerardo/Documents/GitHub/UnrealMenu/UnrealMenu/Content/StarterContent/Textures/T_Wood_Oak_N.uasset"
[2016.10.18-01.46.15:124][  0]LogPackFactory: Copied "../../../Samples/StarterContent/Content/StarterContent/Textures/T_Wood_Pine_D.uasset" to "../../../../../../Users/gerardo/Documents/GitHub/UnrealMenu/UnrealMenu/Content/StarterContent/Textures/T_Wood_Pine_D.uasset"
[2016.10.18-01.46.15:160][  0]LogPackFactory: Copied "../../../Samples/StarterContent/Content/StarterContent/Textures/T_Wood_Pine_N.uasset" to "../../../../../../Users/gerardo/Documents/GitHub/UnrealMenu/UnrealMenu/Content/StarterContent/Textures/T_Wood_Pine_N.uasset"
[2016.10.18-01.46.15:213][  0]LogPackFactory: Copied "../../../Samples/StarterContent/Content/StarterContent/Textures/T_Wood_Walnut_D.uasset" to "../../../../../../Users/gerardo/Documents/GitHub/UnrealMenu/UnrealMenu/Content/StarterContent/Textures/T_Wood_Walnut_D.uasset"
[2016.10.18-01.46.15:296][  0]LogPackFactory: Copied "../../../Samples/StarterContent/Content/StarterContent/Textures/T_Wood_Walnut_N.uasset" to "../../../../../../Users/gerardo/Documents/GitHub/UnrealMenu/UnrealMenu/Content/StarterContent/Textures/T_Wood_Walnut_N.uasset"
[2016.10.18-01.46.17:526][  0]LogRenderer: Reallocating scene render targets to support 256x256 (Frame:2).
[2016.10.18-01.46.20:886][  0]LogSavePackage: Save=130.01ms
[2016.10.18-01.46.20:886][  0]LogSavePackage: Moving '../../../../../../Users/gerardo/Documents/GitHub/UnrealMenu/UnrealMenu/Saved/Floor_400x400AE461B684E6E79EB38ED1A868E75C4B8.tmp' to '../../../../../../Users/gerardo/Documents/GitHub/UnrealMenu/UnrealMenu/Content/StarterContent/Architecture/Floor_400x400.uasset'
[2016.10.18-01.46.20:890][  0]LogSavePackage:Display: Finished SavePackage ../../../../../../Users/gerardo/Documents/GitHub/UnrealMenu/UnrealMenu/Content/StarterContent/Architecture/Floor_400x400.uasset
[2016.10.18-01.46.20:890][  0]LogFeaturePack:Warning: Inserted 1 feature packs
[2016.10.18-01.46.20:893][  0]Cmd: MAP LOAD FILE="../../../../../../Users/gerardo/Documents/GitHub/UnrealMenu/UnrealMenu/Content/ThirdPersonBP/Maps/ThirdPersonExampleMap.umap" TEMPLATE=0 SHOWPROGRESS=1 FEATURELEVEL=3
[2016.10.18-01.46.20:907][  0]LightingResults: New page: Lighting Build
[2016.10.18-01.46.20:909][  0]MapCheck: New page: Map Check
[2016.10.18-01.46.20:910][  0]LightingResults: New page: Lighting Build
[2016.10.18-01.46.24:835][  0]LogTexture:Display: Building textures: HQ_Lightmap2_1 (AutoDXT)
[2016.10.18-01.46.25:059][  0]LogTexture:Display: Building textures: HQ_Lightmap2_2 (AutoDXT)
[2016.10.18-01.46.25:154][  0]LogTexture:Display: Building textures: HQ_Lightmap2_3 (AutoDXT)
[2016.10.18-01.46.25:181][  0]LogTexture:Display: Building textures: HQ_Lightmap2_4 (AutoDXT)
[2016.10.18-01.46.25:206][  0]LogTexture:Display: Building textures: HQ_Lightmap2_5 (AutoDXT)
[2016.10.18-01.46.25:240][  0]LogTexture:Display: Building textures: LQ_Lightmap_0_1 (DXT1)
[2016.10.18-01.46.25:312][  0]LogTexture:Display: Building textures: LQ_Lightmap_0_2 (DXT1)
[2016.10.18-01.46.25:358][  0]LogTexture:Display: Building textures: LQ_Lightmap_0_3 (DXT1)
[2016.10.18-01.46.25:371][  0]LogTexture:Display: Building textures: LQ_Lightmap_0_4 (DXT1)
[2016.10.18-01.46.25:382][  0]LogTexture:Display: Building textures: LQ_Lightmap_0_5 (DXT1)
[2016.10.18-01.46.25:399][  0]LogTexture:Display: Building textures: SkyOcclusion0_1 (AutoDXT)
[2016.10.18-01.46.25:477][  0]LogTexture:Display: Building textures: SkyOcclusion0_2 (AutoDXT)
[2016.10.18-01.46.25:521][  0]LogTexture:Display: Building textures: SkyOcclusion0_3 (AutoDXT)
[2016.10.18-01.46.25:536][  0]LogTexture:Display: Building textures: SkyOcclusion0_4 (AutoDXT)
[2016.10.18-01.46.25:547][  0]LogTexture:Display: Building textures: SkyOcclusion0_5 (AutoDXT)
[2016.10.18-01.46.25:566][  0]LogTexture:Display: Building textures: ShadowMapTexture2D_12 (G8)
[2016.10.18-01.46.25:582][  0]LogTexture:Display: Building textures: ShadowMapTexture2D_13 (G8)
[2016.10.18-01.46.25:599][  0]LogTexture:Display: Building textures: ShadowMapTexture2D_14 (G8)
[2016.10.18-01.46.25:602][  0]LogTexture:Display: Building textures: ShadowMapTexture2D_15 (G8)
[2016.10.18-01.46.25:605][  0]LogTexture:Display: Building textures: ShadowMapTexture2D_16 (G8)
[2016.10.18-01.46.25:898][  0]LogAIModule: Creating AISystem for world ThirdPersonExampleMap
[2016.10.18-01.46.27:800][  0]LogEditorServer: Finished looking for orphan Actors (0.000 secs)
[2016.10.18-01.46.27:808][  0]Cmd: MAP CHECKDEP NOCLEARLOG
[2016.10.18-01.46.27:838][  0]MapCheck: Info Map check complete: 0 Error(s), 0 Warning(s), took 29.925ms to complete.
[2016.10.18-01.46.27:838][  0]LogFileHelpers: Loading map 'ThirdPersonExampleMap' took 6.944
[2016.10.18-01.46.28:951][  0]LogCollectionManager: Loaded 0 collections in 0.001055 seconds
[2016.10.18-01.46.29:515][  0]LogFileCache: Scanning file cache for directory 'C:/Users/gerardo/Documents/GitHub/UnrealMenu/UnrealMenu/Saved/Collections/' took 0.01s
[2016.10.18-01.46.29:515][  0]LogFileCache: Scanning file cache for directory 'C:/Users/gerardo/Documents/GitHub